<?xml version="1.0" encoding="UTF-8"?>
<testsuites name="Page Section" time="1125.579" tests="8" failures="4" errors="1">
   <testsuite name="Page Section" tests="8" failures="4" errors="1" time="1125.579" timestamp="2020-05-12 23:39:44" hostname="19023-RAC - 192.168.16.39" id="Test Suites/PFI Precision and Scale Automated Regression Suite/Page Section">
      <properties>
         <property name="deviceName" value=""/>
         <property name="devicePlatform" value=""/>
         <property name="logFolder" value="C:\\Users\\19023-RAC\\Desktop\\Merging Automation\\Reports\\20200512_233847\\PFI Precision and Scale Automated Regression Suite\\Page Section\\20200512_233847"/>
         <property name="logFiles" value="C:\\Users\\19023-RAC\\Desktop\\Merging Automation\\Reports\\20200512_233847\\PFI Precision and Scale Automated Regression Suite\\Page Section\\20200512_233847\\execution0.log"/>
         <property name="attachments" value="C:\\Users\\19023-RAC\\Desktop\\Merging Automation\\Reports\\20200512_233847\\PFI Precision and Scale Automated Regression Suite\\Page Section\\20200512_233847\\1589298880153.png"/>
         <property name="hostName" value="19023-RAC - 192.168.16.39"/>
         <property name="os" value="Windows 10 64bit"/>
         <property name="katalonVersion" value="7.2.1.1"/>
         <property name="browser" value="Chrome 81.0.4044.138"/>
         <property name="hostAddress" value="192.168.16.39"/>
         <property name="sessionId" value="8951429e1b240e6f73a9d9ac6f8ef331"/>
         <property name="seleniumVersion" value="3.141.59"/>
         <property name="proxyInformation" value="ProxyInformation{proxyOption=NO_PROXY, proxyServerType=HTTP, password=, proxyServerAddress=, proxyServerPort=0, executionList=}"/>
         <property name="platform" value="Windows 10"/>
      </properties>
      <testcase name="Test Cases/PFI Precision and Scale/PFI Test Cases/PFI.EOTRequestLHS" time="231.91" classname="Test Cases/PFI Precision and Scale/PFI Test Cases/PFI.EOTRequestLHS" status="PASSED">
         <system-out><![CDATA[2020-05-12 23:39:44 - [TEST_CASE][PASSED] - Test Cases/PFI Precision and Scale/PFI Test Cases/PFI.EOTRequestLHS: Test Cases/PFI Precision and Scale/PFI Test Cases/PFI.EOTRequestLHS

2020-05-12 23:39:45 - [TEST_STEP][PASSED] - callTestCase(findTestCase("Components/LoginV2.0"), ["LinkToBeUsed":findTestData("Datatable").getValue("URL", 16), "LoginPageTextToBeVerified":findTestData("Datatable").getValue("HomeBanner", 2), ... ], STOP_ON_FAILURE): Call Test Case 'Test Cases/Components/LoginV2.0' successfully

2020-05-12 23:39:45 - [TEST_CASE][PASSED] - Test Cases/Components/LoginV2.0: Test Cases/Components/LoginV2.0

2020-05-12 23:39:46 - [TEST_STEP][PASSED] - openBrowser(LinkToBeUsed): Browser is opened with url: 'http://192.168.190.37:3012/isps2-mig/core/main.do#!dashboard/db/3021001'

2020-05-12 23:39:46 - [MESSAGE][INFO] - Starting 'Chrome' driver

2020-05-12 23:39:46 - [MESSAGE][INFO] - Action delay is set to 0 seconds

2020-05-12 23:39:59 - [MESSAGE][PASSED] - Browser is opened with url: 'http://192.168.190.37:3012/isps2-mig/core/main.do#!dashboard/db/3021001'

2020-05-12 23:39:59 - [TEST_STEP][PASSED] - maximizeWindow(): Current window maximized

2020-05-12 23:40:01 - [MESSAGE][PASSED] - Current window maximized

2020-05-12 23:40:01 - [TEST_STEP][PASSED] - verifyTextPresent(LoginPageTextToBeVerified, false): Text 'Sign in to ISPS2-SIT' is present on page 

2020-05-12 23:40:02 - [MESSAGE][PASSED] - Text 'Sign in to ISPS2-SIT' is present on page 

2020-05-12 23:40:02 - [TEST_STEP][PASSED] - setText(findTestObject("Objects.LoginV2.0/Login Page/input_Sign in to ISPS2-PROD-Verify_username"), Username): Text 'sysadmin' is set on object 'Object Repository/Objects.LoginV2.0/Login Page/input_Sign in to ISPS2-PROD-Verify_username'

2020-05-12 23:40:02 - [MESSAGE][PASSED] - Text 'sysadmin' is set on object 'Object Repository/Objects.LoginV2.0/Login Page/input_Sign in to ISPS2-PROD-Verify_username'

2020-05-12 23:40:02 - [TEST_STEP][PASSED] - setEncryptedText(findTestObject("Objects.LoginV2.0/Login Page/input_This field is required_password"), Password): Text ****** has been set on object 'Object Repository/Objects.LoginV2.0/Login Page/input_This field is required_password'

2020-05-12 23:40:03 - [MESSAGE][PASSED] - Text ****** has been set on object 'Object Repository/Objects.LoginV2.0/Login Page/input_This field is required_password'

2020-05-12 23:40:03 - [TEST_STEP][NOT_RUN] - setEncryptedText(findTestObject(null), Password): NOT_RUN: setEncryptedText(findTestObject(null), Password)

2020-05-12 23:40:03 - [MESSAGE][NOT_RUN] - NOT_RUN: setEncryptedText(findTestObject(null), Password)

2020-05-12 23:40:03 - [TEST_STEP][PASSED] - click(findTestObject("Objects.LoginV2.0/Login Page/div_Sign in to ISPS2-PROD-Verify_NovaGoButton-1021"), OPTIONAL): Object: 'Object Repository/Objects.LoginV2.0/Login Page/div_Sign in to ISPS2-PROD-Verify_NovaGoButton-1021' is clicked on

2020-05-12 23:40:03 - [MESSAGE][PASSED] - Object: 'Object Repository/Objects.LoginV2.0/Login Page/div_Sign in to ISPS2-PROD-Verify_NovaGoButton-1021' is clicked on

2020-05-12 23:40:03 - [TEST_STEP][PASSED] - waitForPageLoad(30): Wait for page load successfully

2020-05-12 23:40:03 - [MESSAGE][PASSED] - Wait for page load successfully

2020-05-12 23:40:03 - [TEST_STEP][PASSED] - Thread.sleep(3000): null

2020-05-12 23:40:06 - [MESSAGE][PASSED] - Call Test Case 'Test Cases/Components/LoginV2.0' successfully

2020-05-12 23:40:06 - [TEST_STEP][PASSED] - callTestCase(findTestCase("Components/Filter"), ["taskDescription":"Process Case (SM)"], STOP_ON_FAILURE): Call Test Case 'Test Cases/Components/Filter' successfully

2020-05-12 23:40:06 - [TEST_CASE][PASSED] - Test Cases/Components/Filter: Test Cases/Components/Filter

2020-05-12 23:40:07 - [TEST_STEP][PASSED] - Thread.sleep(5000): null

2020-05-12 23:40:12 - [TEST_STEP][PASSED] - waitForPageLoad(180): Wait for page load successfully

2020-05-12 23:40:12 - [MESSAGE][PASSED] - Wait for page load successfully

2020-05-12 23:40:12 - [TEST_STEP][PASSED] - waitForElementNotPresent(findTestObject("Objects.Filter/Page_ISPS2/div_Loading search result Please wait"), 180): Web element with id: 'Object Repository/Objects.Filter/Page_ISPS2/div_Loading search result Please wait' located by 'By.xpath: //div[@class = 'x-mask-msg-text' and (text() = 'Loading search result. Please wait...' or . = 'Loading search result. Please wait...')]' is not present after '180' second(s)

2020-05-12 23:40:12 - [MESSAGE][PASSED] - Web element with id: 'Object Repository/Objects.Filter/Page_ISPS2/div_Loading search result Please wait' located by 'By.xpath: //div[@class = 'x-mask-msg-text' and (text() = 'Loading search result. Please wait...' or . = 'Loading search result. Please wait...')]' is not present after '180' second(s)

2020-05-12 23:40:12 - [TEST_STEP][PASSED] - click(findTestObject("Objects.Filter/Page_ISPS2/XP.Embutidooo")): Object: 'Object Repository/Objects.Filter/Page_ISPS2/XP.Embutidooo' is clicked on

2020-05-12 23:40:12 - [MESSAGE][PASSED] - Object: 'Object Repository/Objects.Filter/Page_ISPS2/XP.Embutidooo' is clicked on

2020-05-12 23:40:12 - [TEST_STEP][PASSED] - com.reusableComponents.HighlightElement.run(findTestObject("Objects.Filter/Page_ISPS2/span_Reset")): com.reusableComponents.HighlightElement.run is PASSED

2020-05-12 23:40:13 - [MESSAGE][PASSED] - com.reusableComponents.HighlightElement.run is PASSED

2020-05-12 23:40:13 - [TEST_STEP][PASSED] - click(findTestObject("Objects.Filter/Page_ISPS2/span_Reset")): Object: 'Object Repository/Objects.Filter/Page_ISPS2/span_Reset' is clicked on

2020-05-12 23:40:13 - [MESSAGE][PASSED] - Object: 'Object Repository/Objects.Filter/Page_ISPS2/span_Reset' is clicked on

2020-05-12 23:40:14 - [TEST_STEP][PASSED] - com.reusableComponents.HighlightElement.run(findTestObject("Objects.Filter/Page_ISPS2/TextBoxTaskDescription")): com.reusableComponents.HighlightElement.run is PASSED

2020-05-12 23:40:15 - [MESSAGE][PASSED] - com.reusableComponents.HighlightElement.run is PASSED

2020-05-12 23:40:15 - [TEST_STEP][PASSED] - setText(findTestObject("Objects.Filter/Page_ISPS2/TextBoxTaskDescription"), taskDescription): Text 'Process Case (SM)' is set on object 'Object Repository/Objects.Filter/Page_ISPS2/TextBoxTaskDescription'

2020-05-12 23:40:15 - [MESSAGE][PASSED] - Text 'Process Case (SM)' is set on object 'Object Repository/Objects.Filter/Page_ISPS2/TextBoxTaskDescription'

2020-05-12 23:40:15 - [TEST_STEP][PASSED] - caseType = taskDescription: null

2020-05-12 23:40:17 - [TEST_STEP][PASSED] - sendKeys(findTestObject("Objects.Filter/Page_ISPS2/TextBoxTaskDescription"), Keys.chord(ENTER)): Keys 'ENTER + ' sent to object: 'Object Repository/Objects.Filter/Page_ISPS2/TextBoxTaskDescription'

2020-05-12 23:40:17 - [MESSAGE][PASSED] - Keys 'ENTER + ' sent to object: 'Object Repository/Objects.Filter/Page_ISPS2/TextBoxTaskDescription'

2020-05-12 23:40:17 - [TEST_STEP][PASSED] - com.reusableComponents.HighlightElement.run(findTestObject("Objects.Filter/Page_ISPS2/span_Search")): com.reusableComponents.HighlightElement.run is PASSED

2020-05-12 23:40:18 - [MESSAGE][PASSED] - com.reusableComponents.HighlightElement.run is PASSED

2020-05-12 23:40:18 - [TEST_STEP][PASSED] - click(findTestObject("Objects.Filter/Page_ISPS2/span_Search")): Object: 'Object Repository/Objects.Filter/Page_ISPS2/span_Search' is clicked on

2020-05-12 23:40:18 - [MESSAGE][PASSED] - Object: 'Object Repository/Objects.Filter/Page_ISPS2/span_Search' is clicked on

2020-05-12 23:40:18 - [TEST_STEP][NOT_RUN] - verifyTextPresent("Loading search result. Please wait...", false): NOT_RUN: verifyTextPresent("Loading search result. Please wait...", false)

2020-05-12 23:40:18 - [MESSAGE][NOT_RUN] - NOT_RUN: verifyTextPresent("Loading search result. Please wait...", false)

2020-05-12 23:40:18 - [TEST_STEP][NOT_RUN] - waitForElementNotPresent(findTestObject("Objects.Filter/Page_ISPS2/div_Loading search result Please wait"), 120): NOT_RUN: waitForElementNotPresent(findTestObject("Objects.Filter/Page_ISPS2/div_Loading search result Please wait"), 120)

2020-05-12 23:40:18 - [MESSAGE][NOT_RUN] - NOT_RUN: waitForElementNotPresent(findTestObject("Objects.Filter/Page_ISPS2/div_Loading search result Please wait"), 120)

2020-05-12 23:40:18 - [TEST_STEP][PASSED] - Thread.sleep(5000): null

2020-05-12 23:40:23 - [MESSAGE][PASSED] - Call Test Case 'Test Cases/Components/Filter' successfully

2020-05-12 23:40:23 - [TEST_STEP][PASSED] - callTestCase(findTestCase("Components/ClickLinkDependingOnTextAndIndex"), ["linkName":"Process Case (SM)", "index":"6"], STOP_ON_FAILURE): Call Test Case 'Test Cases/Components/ClickLinkDependingOnTextAndIndex' successfully

2020-05-12 23:40:23 - [TEST_CASE][PASSED] - Test Cases/Components/ClickLinkDependingOnTextAndIndex: Test Cases/Components/ClickLinkDependingOnTextAndIndex

2020-05-12 23:40:24 - [TEST_STEP][PASSED] - Thread.sleep(1000): null

2020-05-12 23:40:25 - [TEST_STEP][PASSED] - println(linkName): null

2020-05-12 23:40:25 - [TEST_STEP][PASSED] - println(index): null

2020-05-12 23:40:25 - [TEST_STEP][PASSED] - modifiedLink = modifyObjectProperty(findTestObject("Objects.ClickLinkDependingOnTextAndIndex/linkToModify"), "xpath", "equals", "(//a[text()="" + linkName + ""])[" + index + "]", true): Modify property of object successfully

2020-05-12 23:40:25 - [MESSAGE][PASSED] - Modify property of object successfully

2020-05-12 23:40:25 - [TEST_STEP][PASSED] - Thread.sleep(5000): null

2020-05-12 23:40:30 - [TEST_STEP][PASSED] - com.reusableComponents.HighlightElement.run(modifiedLink): com.reusableComponents.HighlightElement.run is PASSED

2020-05-12 23:40:30 - [MESSAGE][PASSED] - com.reusableComponents.HighlightElement.run is PASSED

2020-05-12 23:40:30 - [TEST_STEP][PASSED] - click(modifiedLink): Object: 'Object Repository/Objects.ClickLinkDependingOnTextAndIndex/linkToModify' is clicked on

2020-05-12 23:40:31 - [MESSAGE][PASSED] - Object: 'Object Repository/Objects.ClickLinkDependingOnTextAndIndex/linkToModify' is clicked on

2020-05-12 23:40:31 - [MESSAGE][PASSED] - Call Test Case 'Test Cases/Components/ClickLinkDependingOnTextAndIndex' successfully

2020-05-12 23:40:31 - [TEST_STEP][PASSED] - callTestCase(findTestCase("Components/00_Precision and Scale/VerifyPageScreenLoad"), [:], STOP_ON_FAILURE): Call Test Case 'Test Cases/Components/00_Precision and Scale/VerifyPageScreenLoad' successfully

2020-05-12 23:40:31 - [TEST_CASE][PASSED] - Test Cases/Components/00_Precision and Scale/VerifyPageScreenLoad: Test Cases/Components/00_Precision and Scale/VerifyPageScreenLoad

2020-05-12 23:40:31 - [TEST_STEP][PASSED] - waitForPageLoad(180): Wait for page load successfully

2020-05-12 23:40:31 - [MESSAGE][PASSED] - Wait for page load successfully

2020-05-12 23:40:31 - [TEST_STEP][PASSED] - enableSmartWait(): null

2020-05-12 23:40:31 - [TEST_STEP][PASSED] - com.reusableComponents.HighlightElement.run(findTestObject("Objects.VerifyCourtActionsPrecisionAndScale/Page_ISPS2/div_Summary")): com.reusableComponents.HighlightElement.run is PASSED

2020-05-12 23:40:40 - [MESSAGE][PASSED] - com.reusableComponents.HighlightElement.run is PASSED

2020-05-12 23:40:40 - [MESSAGE][PASSED] - Call Test Case 'Test Cases/Components/00_Precision and Scale/VerifyPageScreenLoad' successfully

2020-05-12 23:40:40 - [TEST_STEP][PASSED] - callTestCase(findTestCase("Components/NavigateToAnyLHS"), ["LHS":"EOT Request"], STOP_ON_FAILURE): Call Test Case 'Test Cases/Components/NavigateToAnyLHS' successfully

2020-05-12 23:40:40 - [TEST_CASE][PASSED] - Test Cases/Components/NavigateToAnyLHS: Test Cases/Components/NavigateToAnyLHS

2020-05-12 23:40:40 - [TEST_STEP][PASSED] - Thread.sleep(1000): null

2020-05-12 23:40:41 - [TEST_STEP][PASSED] - modifiedLHS = modifyObjectProperty(findTestObject("Objects.NavigateToAnyLHS/Page_ISPS2/LHSToModify"), "text", "equals", LHS, true): Modify property of object successfully

2020-05-12 23:40:41 - [MESSAGE][PASSED] - Modify property of object successfully

2020-05-12 23:40:41 - [TEST_STEP][PASSED] - click(modifiedLHS): Object: 'Object Repository/Objects.NavigateToAnyLHS/Page_ISPS2/LHSToModify' is clicked on

2020-05-12 23:40:42 - [MESSAGE][PASSED] - Object: 'Object Repository/Objects.NavigateToAnyLHS/Page_ISPS2/LHSToModify' is clicked on

2020-05-12 23:40:42 - [TEST_STEP][PASSED] - currentLHS = getText(modifiedLHS): Text of object 'Object Repository/Objects.NavigateToAnyLHS/Page_ISPS2/LHSToModify' is: 'EOT Request'

2020-05-12 23:40:43 - [MESSAGE][PASSED] - Text of object 'Object Repository/Objects.NavigateToAnyLHS/Page_ISPS2/LHSToModify' is: 'EOT Request'

2020-05-12 23:40:43 - [TEST_STEP][PASSED] - Thread.sleep(5000): null

2020-05-12 23:40:48 - [MESSAGE][PASSED] - Call Test Case 'Test Cases/Components/NavigateToAnyLHS' successfully

2020-05-12 23:40:48 - [TEST_STEP][PASSED] - callTestCase(findTestCase("Components/00_Precision and Scale/EOTTypeValidation"), ["LblNm":"EOT Type *:", "FldNm":"eotTypeCmb", "EnterInvalidEOTType":"1231@#$asdCV"], STOP_ON_FAILURE): Call Test Case 'Test Cases/Components/00_Precision and Scale/EOTTypeValidation' successfully

2020-05-12 23:40:48 - [TEST_CASE][PASSED] - Test Cases/Components/00_Precision and Scale/EOTTypeValidation: Test Cases/Components/00_Precision and Scale/EOTTypeValidation

2020-05-12 23:40:49 - [TEST_STEP][PASSED] - enableSmartWait(): null

2020-05-12 23:40:49 - [TEST_STEP][PASSED] - NewLblNmField = modifyObjectProperty(findTestObject("Objects.NameValidation/label_FieldName"), "text", "equals", LblNm, true): Modify property of object successfully

2020-05-12 23:40:49 - [MESSAGE][PASSED] - Modify property of object successfully

2020-05-12 23:40:49 - [TEST_STEP][PASSED] - NewInputNmField = modifyObjectProperty(findTestObject("Objects.NameValidation/input_FieldName"), "name", "equals", FldNm, true): Modify property of object successfully

2020-05-12 23:40:49 - [MESSAGE][PASSED] - Modify property of object successfully

2020-05-12 23:40:49 - [TEST_STEP][PASSED] - NewErrRqMsg = modifyObjectProperty(findTestObject("Objects.NameValidation/RqFieldNm"), "name", "equals", FldNm, true): Modify property of object successfully

2020-05-12 23:40:49 - [MESSAGE][PASSED] - Modify property of object successfully

2020-05-12 23:40:49 - [TEST_STEP][PASSED] - com.reusableComponents.HighlightElement.run(NewLblNmField): com.reusableComponents.HighlightElement.run is PASSED

2020-05-12 23:40:50 - [MESSAGE][PASSED] - com.reusableComponents.HighlightElement.run is PASSED

2020-05-12 23:40:50 - [TEST_STEP][PASSED] - com.reusableComponents.HighlightElement.run(NewInputNmField): com.reusableComponents.HighlightElement.run is PASSED

2020-05-12 23:40:50 - [MESSAGE][PASSED] - com.reusableComponents.HighlightElement.run is PASSED

2020-05-12 23:40:50 - [TEST_STEP][PASSED] - focus(NewInputNmField): Object: 'Object Repository/Objects.NameValidation/input_FieldName' is focused

2020-05-12 23:40:51 - [MESSAGE][PASSED] - Object: 'Object Repository/Objects.NameValidation/input_FieldName' is focused

2020-05-12 23:40:51 - [TEST_STEP][PASSED] - DefaultValue = getAttribute(NewInputNmField, "value"): Attribute 'value' of object 'Object Repository/Objects.NameValidation/input_FieldName' is: ''

2020-05-12 23:40:51 - [MESSAGE][PASSED] - Attribute 'value' of object 'Object Repository/Objects.NameValidation/input_FieldName' is: ''

2020-05-12 23:40:51 - [TEST_STEP][PASSED] - verifyMatch(DefaultValue, "", true): Actual text '' and expected text '' are matched  using regular expression

2020-05-12 23:40:51 - [MESSAGE][PASSED] - Actual text '' and expected text '' are matched  using regular expression

2020-05-12 23:40:51 - [TEST_STEP][PASSED] - setText(NewInputNmField, EnterInvalidEOTType): Text '1231@#$asdCV' is set on object 'Object Repository/Objects.NameValidation/input_FieldName'

2020-05-12 23:40:51 - [MESSAGE][PASSED] - Text '1231@#$asdCV' is set on object 'Object Repository/Objects.NameValidation/input_FieldName'

2020-05-12 23:40:51 - [TEST_STEP][PASSED] - SearchValue = getAttribute(NewInputNmField, "value"): Attribute 'value' of object 'Object Repository/Objects.NameValidation/input_FieldName' is: '1231@#$asdCV'

2020-05-12 23:40:52 - [MESSAGE][PASSED] - Attribute 'value' of object 'Object Repository/Objects.NameValidation/input_FieldName' is: '1231@#$asdCV'

2020-05-12 23:40:52 - [TEST_STEP][PASSED] - EOTType = [1:["EOTType":"Appointment of PE for Visual Inspection"], 2:["EOTType":"Appointment of PE for FSI"], 3:["EOTType":"Submission of VIR"], ... ]: null

2020-05-12 23:40:52 - [TEST_STEP][PASSED] - FoundValue = EOTType.find({ -> ... }): null

2020-05-12 23:40:52 - [TEST_STEP][PASSED] - if (FoundValue == null): No matching qp found

2020-05-12 23:40:52 - [TEST_STEP][PASSED] - comment("No matching qp found"): No matching qp found

2020-05-12 23:40:52 - [MESSAGE][INFO] - No matching qp found

2020-05-12 23:40:52 - [TEST_STEP][PASSED] - clearText(NewInputNmField): Text of object 'Object Repository/Objects.NameValidation/input_FieldName' is cleared

2020-05-12 23:40:52 - [MESSAGE][PASSED] - Text of object 'Object Repository/Objects.NameValidation/input_FieldName' is cleared

2020-05-12 23:40:52 - [TEST_STEP][PASSED] - focus(NewInputNmField): Object: 'Object Repository/Objects.NameValidation/input_FieldName' is focused

2020-05-12 23:40:53 - [MESSAGE][PASSED] - Object: 'Object Repository/Objects.NameValidation/input_FieldName' is focused

2020-05-12 23:40:53 - [TEST_STEP][PASSED] - mouseOver(NewErrRqMsg): Object: 'Object Repository/Objects.NameValidation/RqFieldNm' is hovered

2020-05-12 23:40:53 - [MESSAGE][PASSED] - Object: 'Object Repository/Objects.NameValidation/RqFieldNm' is hovered

2020-05-12 23:40:53 - [TEST_STEP][PASSED] - getRqErrMsg = getAttribute(NewErrRqMsg, "data-errorqtip"): Attribute 'data-errorqtip' of object 'Object Repository/Objects.NameValidation/RqFieldNm' is: '<ul class="x-list-plain"><li>This field is required</li></ul>'

2020-05-12 23:40:53 - [MESSAGE][PASSED] - Attribute 'data-errorqtip' of object 'Object Repository/Objects.NameValidation/RqFieldNm' is: '<ul class="x-list-plain"><li>This field is required</li></ul>'

2020-05-12 23:40:53 - [TEST_STEP][PASSED] - strToolTip = getRqErrMsg.substring(29, 61): null

2020-05-12 23:40:53 - [TEST_STEP][PASSED] - toolTipReqErrMsg = strToolTip.substring(0, 22): null

2020-05-12 23:40:53 - [TEST_STEP][PASSED] - verifyMatch(toolTipReqErrMsg, RqField, true): Actual text 'This field is required' and expected text 'This field is required' are matched  using regular expression

2020-05-12 23:40:53 - [MESSAGE][PASSED] - Actual text 'This field is required' and expected text 'This field is required' are matched  using regular expression

2020-05-12 23:40:53 - [TEST_STEP][PASSED] - focus(NewInputNmField): Object: 'Object Repository/Objects.NameValidation/input_FieldName' is focused

2020-05-12 23:40:54 - [MESSAGE][PASSED] - Object: 'Object Repository/Objects.NameValidation/input_FieldName' is focused

2020-05-12 23:40:54 - [TEST_STEP][PASSED] - click(findTestObject("Objects.PELSH/Dropdown_Arrow")): Object: 'Object Repository/Objects.PELSH/Dropdown_Arrow' is clicked on

2020-05-12 23:40:54 - [MESSAGE][PASSED] - Object: 'Object Repository/Objects.PELSH/Dropdown_Arrow' is clicked on

2020-05-12 23:40:54 - [TEST_STEP][PASSED] - setText(NewInputNmField, "A"): Text 'A' is set on object 'Object Repository/Objects.NameValidation/input_FieldName'

2020-05-12 23:40:55 - [MESSAGE][PASSED] - Text 'A' is set on object 'Object Repository/Objects.NameValidation/input_FieldName'

2020-05-12 23:40:55 - [TEST_STEP][PASSED] - for ([itr = 1, itr < EOTType.size(), (itr++)]): Keys 'ENTER + ' sent to object: 'Object Repository/Objects.NameValidation/input_FieldName'

2020-05-12 23:40:55 - [TEST_STEP][PASSED] - sendKeys(NewInputNmField, Keys.chord(ENTER)): Keys 'ENTER + ' sent to object: 'Object Repository/Objects.NameValidation/input_FieldName'

2020-05-12 23:40:55 - [MESSAGE][PASSED] - Keys 'ENTER + ' sent to object: 'Object Repository/Objects.NameValidation/input_FieldName'

2020-05-12 23:40:55 - [TEST_STEP][PASSED] - SearchValue = getAttribute(NewInputNmField, "value"): Attribute 'value' of object 'Object Repository/Objects.NameValidation/input_FieldName' is: 'Appointment of PE for Visual Inspection'

2020-05-12 23:40:56 - [MESSAGE][PASSED] - Attribute 'value' of object 'Object Repository/Objects.NameValidation/input_FieldName' is: 'Appointment of PE for Visual Inspection'

2020-05-12 23:40:56 - [TEST_STEP][PASSED] - println(SearchValue): null

2020-05-12 23:40:56 - [TEST_STEP][PASSED] - FoundVal = EOTType.find({ -> ... }): null

2020-05-12 23:40:56 - [TEST_STEP][PASSED] - if (FoundVal != null): null

2020-05-12 23:40:56 - [TEST_STEP][PASSED] - comment("Matching EOT Type is Found!"): Matching EOT Type is Found!

2020-05-12 23:40:56 - [MESSAGE][INFO] - Matching EOT Type is Found!

2020-05-12 23:40:56 - [TEST_STEP][PASSED] - println(FoundVal): null

2020-05-12 23:40:56 - [TEST_STEP][PASSED] - sendKeys(NewInputNmField, Keys.chord(ARROW_DOWN)): Keys 'DOWN + ' sent to object: 'Object Repository/Objects.NameValidation/input_FieldName'

2020-05-12 23:40:56 - [MESSAGE][PASSED] - Keys 'DOWN + ' sent to object: 'Object Repository/Objects.NameValidation/input_FieldName'

2020-05-12 23:40:56 - [TEST_STEP][PASSED] - sendKeys(NewInputNmField, Keys.chord(ARROW_DOWN)): Keys 'DOWN + ' sent to object: 'Object Repository/Objects.NameValidation/input_FieldName'

2020-05-12 23:40:56 - [MESSAGE][PASSED] - Keys 'DOWN + ' sent to object: 'Object Repository/Objects.NameValidation/input_FieldName'

2020-05-12 23:40:56 - [TEST_STEP][PASSED] - sendKeys(NewInputNmField, Keys.chord(ENTER)): Keys 'ENTER + ' sent to object: 'Object Repository/Objects.NameValidation/input_FieldName'

2020-05-12 23:40:57 - [MESSAGE][PASSED] - Keys 'ENTER + ' sent to object: 'Object Repository/Objects.NameValidation/input_FieldName'

2020-05-12 23:40:57 - [TEST_STEP][PASSED] - sendKeys(NewInputNmField, Keys.chord(ENTER)): Keys 'ENTER + ' sent to object: 'Object Repository/Objects.NameValidation/input_FieldName'

2020-05-12 23:40:57 - [MESSAGE][PASSED] - Keys 'ENTER + ' sent to object: 'Object Repository/Objects.NameValidation/input_FieldName'

2020-05-12 23:40:57 - [TEST_STEP][PASSED] - SearchValue = getAttribute(NewInputNmField, "value"): Attribute 'value' of object 'Object Repository/Objects.NameValidation/input_FieldName' is: 'Appointment of PE for FSI'

2020-05-12 23:40:58 - [MESSAGE][PASSED] - Attribute 'value' of object 'Object Repository/Objects.NameValidation/input_FieldName' is: 'Appointment of PE for FSI'

2020-05-12 23:40:58 - [TEST_STEP][PASSED] - println(SearchValue): null

2020-05-12 23:40:58 - [TEST_STEP][PASSED] - FoundVal = EOTType.find({ -> ... }): null

2020-05-12 23:40:58 - [TEST_STEP][PASSED] - if (FoundVal != null): null

2020-05-12 23:40:58 - [TEST_STEP][PASSED] - comment("Matching EOT Type is Found!"): Matching EOT Type is Found!

2020-05-12 23:40:58 - [MESSAGE][INFO] - Matching EOT Type is Found!

2020-05-12 23:40:58 - [TEST_STEP][PASSED] - println(FoundVal): null

2020-05-12 23:40:58 - [TEST_STEP][PASSED] - sendKeys(NewInputNmField, Keys.chord(ARROW_DOWN)): Keys 'DOWN + ' sent to object: 'Object Repository/Objects.NameValidation/input_FieldName'

2020-05-12 23:40:58 - [MESSAGE][PASSED] - Keys 'DOWN + ' sent to object: 'Object Repository/Objects.NameValidation/input_FieldName'

2020-05-12 23:40:58 - [TEST_STEP][PASSED] - sendKeys(NewInputNmField, Keys.chord(ARROW_DOWN)): Keys 'DOWN + ' sent to object: 'Object Repository/Objects.NameValidation/input_FieldName'

2020-05-12 23:40:58 - [MESSAGE][PASSED] - Keys 'DOWN + ' sent to object: 'Object Repository/Objects.NameValidation/input_FieldName'

2020-05-12 23:40:58 - [TEST_STEP][PASSED] - sendKeys(NewInputNmField, Keys.chord(ENTER)): Keys 'ENTER + ' sent to object: 'Object Repository/Objects.NameValidation/input_FieldName'

2020-05-12 23:40:59 - [MESSAGE][PASSED] - Keys 'ENTER + ' sent to object: 'Object Repository/Objects.NameValidation/input_FieldName'

2020-05-12 23:40:59 - [TEST_STEP][PASSED] - sendKeys(NewInputNmField, Keys.chord(ENTER)): Keys 'ENTER + ' sent to object: 'Object Repository/Objects.NameValidation/input_FieldName'

2020-05-12 23:40:59 - [MESSAGE][PASSED] - Keys 'ENTER + ' sent to object: 'Object Repository/Objects.NameValidation/input_FieldName'

2020-05-12 23:40:59 - [TEST_STEP][PASSED] - SearchValue = getAttribute(NewInputNmField, "value"): Attribute 'value' of object 'Object Repository/Objects.NameValidation/input_FieldName' is: 'Submission of VIR'

2020-05-12 23:41:00 - [MESSAGE][PASSED] - Attribute 'value' of object 'Object Repository/Objects.NameValidation/input_FieldName' is: 'Submission of VIR'

2020-05-12 23:41:00 - [TEST_STEP][PASSED] - println(SearchValue): null

2020-05-12 23:41:00 - [TEST_STEP][PASSED] - FoundVal = EOTType.find({ -> ... }): null

2020-05-12 23:41:00 - [TEST_STEP][PASSED] - if (FoundVal != null): null

2020-05-12 23:41:00 - [TEST_STEP][PASSED] - comment("Matching EOT Type is Found!"): Matching EOT Type is Found!

2020-05-12 23:41:00 - [MESSAGE][INFO] - Matching EOT Type is Found!

2020-05-12 23:41:00 - [TEST_STEP][PASSED] - println(FoundVal): null

2020-05-12 23:41:00 - [TEST_STEP][PASSED] - sendKeys(NewInputNmField, Keys.chord(ARROW_DOWN)): Keys 'DOWN + ' sent to object: 'Object Repository/Objects.NameValidation/input_FieldName'

2020-05-12 23:41:00 - [MESSAGE][PASSED] - Keys 'DOWN + ' sent to object: 'Object Repository/Objects.NameValidation/input_FieldName'

2020-05-12 23:41:00 - [TEST_STEP][PASSED] - sendKeys(NewInputNmField, Keys.chord(ARROW_DOWN)): Keys 'DOWN + ' sent to object: 'Object Repository/Objects.NameValidation/input_FieldName'

2020-05-12 23:41:00 - [MESSAGE][PASSED] - Keys 'DOWN + ' sent to object: 'Object Repository/Objects.NameValidation/input_FieldName'

2020-05-12 23:41:00 - [TEST_STEP][PASSED] - sendKeys(NewInputNmField, Keys.chord(ENTER)): Keys 'ENTER + ' sent to object: 'Object Repository/Objects.NameValidation/input_FieldName'

2020-05-12 23:41:01 - [MESSAGE][PASSED] - Keys 'ENTER + ' sent to object: 'Object Repository/Objects.NameValidation/input_FieldName'

2020-05-12 23:41:01 - [MESSAGE][PASSED] - Call Test Case 'Test Cases/Components/00_Precision and Scale/EOTTypeValidation' successfully

2020-05-12 23:41:01 - [TEST_STEP][PASSED] - callTestCase(findTestCase("Components/00_Precision and Scale/DateValidation"), ["LblNm":"EOT From Date *:", "FldNm":"eotFromDate", "MinLen":5, "index":1, "PastDtValidation":"N"], STOP_ON_FAILURE): Call Test Case 'Test Cases/Components/00_Precision and Scale/DateValidation' successfully

2020-05-12 23:41:01 - [TEST_CASE][PASSED] - Test Cases/Components/00_Precision and Scale/DateValidation: Test Cases/Components/00_Precision and Scale/DateValidation

2020-05-12 23:41:02 - [TEST_STEP][PASSED] - Thread.sleep(3000): null

2020-05-12 23:41:05 - [TEST_STEP][PASSED] - date = new java.util.Date(): null

2020-05-12 23:41:05 - [TEST_STEP][PASSED] - CurrentDate = new java.text.SimpleDateFormat(dd/MM/yyyy): null

2020-05-12 23:41:05 - [TEST_STEP][PASSED] - TodayDate = CurrentDate.format(date): null

2020-05-12 23:41:05 - [TEST_STEP][PASSED] - Alphabetic = z).join(): null

2020-05-12 23:41:05 - [TEST_STEP][PASSED] - Numeric = 9).join(): null

2020-05-12 23:41:05 - [TEST_STEP][PASSED] - SpecialChar = "`~!@#$%^&*()-=+_{}|\][;'":,.?><"": null

2020-05-12 23:41:05 - [TEST_STEP][PASSED] - RandomAlpha = RandomStringUtils.random(MinLen, Alphabetic.toCharArray()): null

2020-05-12 23:41:05 - [TEST_STEP][PASSED] - RandomNumeric = RandomStringUtils.random(MinLen, Numeric): null

2020-05-12 23:41:05 - [TEST_STEP][PASSED] - RdmSpChar = RandomStringUtils.random(MinLen, SpecialChar): null

2020-05-12 23:41:05 - [TEST_STEP][PASSED] - NewLblNm = modifyObjectProperty(findTestObject("Objects.DateValidation/Page_ISPS2/label_Name"), "text", "equals", LblNm, true): Modify property of object successfully

2020-05-12 23:41:05 - [MESSAGE][PASSED] - Modify property of object successfully

2020-05-12 23:41:05 - [TEST_STEP][PASSED] - TodayBtn = modifyObjectProperty(findTestObject("Object Repository/Objects.DateValidation/Page_ISPS2/a_Today"), "xpath", "equals", "(//*[text() = 'Today'])[" + index + "]", true): Modify property of object successfully

2020-05-12 23:41:05 - [MESSAGE][PASSED] - Modify property of object successfully

2020-05-12 23:41:05 - [TEST_STEP][PASSED] - com.reusableComponents.HighlightElement.run(NewLblNm): com.reusableComponents.HighlightElement.run is PASSED

2020-05-12 23:41:06 - [MESSAGE][PASSED] - com.reusableComponents.HighlightElement.run is PASSED

2020-05-12 23:41:06 - [TEST_STEP][PASSED] - DateFieldNm = modifyObjectProperty(findTestObject("Object Repository/Objects.DateValidation/Page_ISPS2/input__orderDt"), "name", "equals", FldNm, true): Modify property of object successfully

2020-05-12 23:41:06 - [MESSAGE][PASSED] - Modify property of object successfully

2020-05-12 23:41:06 - [TEST_STEP][PASSED] - com.reusableComponents.HighlightElement.run(DateFieldNm): com.reusableComponents.HighlightElement.run is PASSED

2020-05-12 23:41:07 - [MESSAGE][PASSED] - com.reusableComponents.HighlightElement.run is PASSED

2020-05-12 23:41:07 - [TEST_STEP][PASSED] - focus(DateFieldNm): Object: 'Object Repository/Objects.DateValidation/Page_ISPS2/input__orderDt' is focused

2020-05-12 23:41:07 - [MESSAGE][PASSED] - Object: 'Object Repository/Objects.DateValidation/Page_ISPS2/input__orderDt' is focused

2020-05-12 23:41:07 - [TEST_STEP][PASSED] - DefaultValue = getAttribute(DateFieldNm, "value", STOP_ON_FAILURE): Attribute 'value' of object 'Object Repository/Objects.DateValidation/Page_ISPS2/input__orderDt' is: ''

2020-05-12 23:41:07 - [MESSAGE][PASSED] - Attribute 'value' of object 'Object Repository/Objects.DateValidation/Page_ISPS2/input__orderDt' is: ''

2020-05-12 23:41:07 - [TEST_STEP][PASSED] - verifyMatch(DefaultValue, "", true): Actual text '' and expected text '' are matched  using regular expression

2020-05-12 23:41:07 - [MESSAGE][PASSED] - Actual text '' and expected text '' are matched  using regular expression

2020-05-12 23:41:07 - [TEST_STEP][PASSED] - setText(DateFieldNm, RandomAlpha): Text 'cuaDS' is set on object 'Object Repository/Objects.DateValidation/Page_ISPS2/input__orderDt'

2020-05-12 23:41:08 - [MESSAGE][PASSED] - Text 'cuaDS' is set on object 'Object Repository/Objects.DateValidation/Page_ISPS2/input__orderDt'

2020-05-12 23:41:08 - [TEST_STEP][PASSED] - getInputAlpha = getAttribute(DateFieldNm, "value", STOP_ON_FAILURE): Attribute 'value' of object 'Object Repository/Objects.DateValidation/Page_ISPS2/input__orderDt' is: ''

2020-05-12 23:41:08 - [MESSAGE][PASSED] - Attribute 'value' of object 'Object Repository/Objects.DateValidation/Page_ISPS2/input__orderDt' is: ''

2020-05-12 23:41:08 - [TEST_STEP][PASSED] - verifyMatch("", getInputAlpha, true, STOP_ON_FAILURE): Actual text '' and expected text '' are matched  using regular expression

2020-05-12 23:41:08 - [MESSAGE][PASSED] - Actual text '' and expected text '' are matched  using regular expression

2020-05-12 23:41:08 - [TEST_STEP][PASSED] - delay(5): Delayed 5 second(s)

2020-05-12 23:41:13 - [MESSAGE][PASSED] - Delayed 5 second(s)

2020-05-12 23:41:13 - [TEST_STEP][PASSED] - setText(DateFieldNm, RdmSpChar): Text '.&`)$' is set on object 'Object Repository/Objects.DateValidation/Page_ISPS2/input__orderDt'

2020-05-12 23:41:13 - [MESSAGE][PASSED] - Text '.&`)$' is set on object 'Object Repository/Objects.DateValidation/Page_ISPS2/input__orderDt'

2020-05-12 23:41:13 - [TEST_STEP][PASSED] - getInputSpecialChar = getAttribute(DateFieldNm, "value", STOP_ON_FAILURE): Attribute 'value' of object 'Object Repository/Objects.DateValidation/Page_ISPS2/input__orderDt' is: ''

2020-05-12 23:41:13 - [MESSAGE][PASSED] - Attribute 'value' of object 'Object Repository/Objects.DateValidation/Page_ISPS2/input__orderDt' is: ''

2020-05-12 23:41:13 - [TEST_STEP][PASSED] - verifyMatch("", getInputSpecialChar, true, STOP_ON_FAILURE): Actual text '' and expected text '' are matched  using regular expression

2020-05-12 23:41:13 - [MESSAGE][PASSED] - Actual text '' and expected text '' are matched  using regular expression

2020-05-12 23:41:13 - [TEST_STEP][PASSED] - delay(5): Delayed 5 second(s)

2020-05-12 23:41:18 - [MESSAGE][PASSED] - Delayed 5 second(s)

2020-05-12 23:41:18 - [TEST_STEP][PASSED] - setText(DateFieldNm, RandomNumeric): Text '74114' is set on object 'Object Repository/Objects.DateValidation/Page_ISPS2/input__orderDt'

2020-05-12 23:41:19 - [MESSAGE][PASSED] - Text '74114' is set on object 'Object Repository/Objects.DateValidation/Page_ISPS2/input__orderDt'

2020-05-12 23:41:19 - [TEST_STEP][PASSED] - getInputInvalidDate = getAttribute(findTestObject("Objects.DateValidation/Page_ISPS2/tooltipErrMsgInvalidDate"), "value", STOP_ON_FAILURE): Attribute 'value' of object 'Object Repository/Objects.DateValidation/Page_ISPS2/tooltipErrMsgInvalidDate' is: '74114'

2020-05-12 23:41:19 - [MESSAGE][PASSED] - Attribute 'value' of object 'Object Repository/Objects.DateValidation/Page_ISPS2/tooltipErrMsgInvalidDate' is: '74114'

2020-05-12 23:41:19 - [TEST_STEP][PASSED] - mouseOver(findTestObject("Objects.DateValidation/Page_ISPS2/tooltipErrMsgInvalidDate"), STOP_ON_FAILURE): Object: 'Object Repository/Objects.DateValidation/Page_ISPS2/tooltipErrMsgInvalidDate' is hovered

2020-05-12 23:41:20 - [MESSAGE][PASSED] - Object: 'Object Repository/Objects.DateValidation/Page_ISPS2/tooltipErrMsgInvalidDate' is hovered

2020-05-12 23:41:20 - [TEST_STEP][PASSED] - getErrMsg = getAttribute(findTestObject("Objects.DateValidation/Page_ISPS2/tooltipErrMsgInvalidDate"), "data-errorqtip", STOP_ON_FAILURE): Attribute 'data-errorqtip' of object 'Object Repository/Objects.DateValidation/Page_ISPS2/tooltipErrMsgInvalidDate' is: '<ul class="x-list-plain"><li>Start time must be less than end time</li><li>74114 is not a valid date - it must be in the format d/m/Y</li></ul>'

2020-05-12 23:41:20 - [MESSAGE][PASSED] - Attribute 'data-errorqtip' of object 'Object Repository/Objects.DateValidation/Page_ISPS2/tooltipErrMsgInvalidDate' is: '<ul class="x-list-plain"><li>Start time must be less than end time</li><li>74114 is not a valid date - it must be in the format d/m/Y</li></ul>'

2020-05-12 23:41:20 - [TEST_STEP][PASSED] - if (getErrMsg.contains("Start")): Actual text 'Start time must be less than end time 74114 is not a valid date - it must be in the format d/m/Y' and expected text 'Start time must be less than end time 74114 is not a valid date - it must be in the format d/m/Y' are matched  using regular expression

2020-05-12 23:41:20 - [TEST_STEP][PASSED] - RmvCd = getErrMsg.substring(0, 75): null

2020-05-12 23:41:20 - [TEST_STEP][PASSED] - FirstErrMsg = RmvCd.substring(29, 66): null

2020-05-12 23:41:20 - [TEST_STEP][PASSED] - getTotalLength = getErrMsg.length(): null

2020-05-12 23:41:20 - [TEST_STEP][PASSED] - RmvCd = getErrMsg.substring(75, getTotalLength): null

2020-05-12 23:41:20 - [TEST_STEP][PASSED] - lenInv = RmvCd.length() - 10: null

2020-05-12 23:41:20 - [TEST_STEP][PASSED] - InvErrMsg = RmvCd.substring(0, lenInv): null

2020-05-12 23:41:20 - [TEST_STEP][PASSED] - ExpectedInvalidErrMsg2 = concatenate(InvDtErr, " ", getInputInvalidDate, " ", NotValidDt): Concatenated string array: '['Start time must be less than end time',' ','74114',' ','is not a valid date - it must be in the format d/m/Y']' into 'Start time must be less than end time 74114 is not a valid date - it must be in the format d/m/Y'

2020-05-12 23:41:20 - [MESSAGE][PASSED] - Concatenated string array: '['Start time must be less than end time',' ','74114',' ','is not a valid date - it must be in the format d/m/Y']' into 'Start time must be less than end time 74114 is not a valid date - it must be in the format d/m/Y'

2020-05-12 23:41:20 - [TEST_STEP][PASSED] - ActualInvErrMsg = concatenate(FirstErrMsg, " ", InvErrMsg): Concatenated string array: '['Start time must be less than end time',' ','74114 is not a valid date - it must be in the format d/m/Y']' into 'Start time must be less than end time 74114 is not a valid date - it must be in the format d/m/Y'

2020-05-12 23:41:20 - [MESSAGE][PASSED] - Concatenated string array: '['Start time must be less than end time',' ','74114 is not a valid date - it must be in the format d/m/Y']' into 'Start time must be less than end time 74114 is not a valid date - it must be in the format d/m/Y'

2020-05-12 23:41:20 - [TEST_STEP][PASSED] - verifyMatch(ActualInvErrMsg, ExpectedInvalidErrMsg2, true): Actual text 'Start time must be less than end time 74114 is not a valid date - it must be in the format d/m/Y' and expected text 'Start time must be less than end time 74114 is not a valid date - it must be in the format d/m/Y' are matched  using regular expression

2020-05-12 23:41:20 - [MESSAGE][PASSED] - Actual text 'Start time must be less than end time 74114 is not a valid date - it must be in the format d/m/Y' and expected text 'Start time must be less than end time 74114 is not a valid date - it must be in the format d/m/Y' are matched  using regular expression

2020-05-12 23:41:20 - [TEST_STEP][PASSED] - sendKeys(DateFieldNm, Keys.chord(ARROW_LEFT)): Keys 'LEFT + ' sent to object: 'Object Repository/Objects.DateValidation/Page_ISPS2/input__orderDt'

2020-05-12 23:41:21 - [MESSAGE][PASSED] - Keys 'LEFT + ' sent to object: 'Object Repository/Objects.DateValidation/Page_ISPS2/input__orderDt'

2020-05-12 23:41:21 - [TEST_STEP][PASSED] - sendKeys(DateFieldNm, Keys.chord(LEFT_CONTROL, "a")): Keys 'CONTROL + a' sent to object: 'Object Repository/Objects.DateValidation/Page_ISPS2/input__orderDt'

2020-05-12 23:41:21 - [MESSAGE][PASSED] - Keys 'CONTROL + a' sent to object: 'Object Repository/Objects.DateValidation/Page_ISPS2/input__orderDt'

2020-05-12 23:41:21 - [TEST_STEP][PASSED] - sendKeys(DateFieldNm, Keys.chord(BACK_SPACE)): Keys 'BACK_SPACE + ' sent to object: 'Object Repository/Objects.DateValidation/Page_ISPS2/input__orderDt'

2020-05-12 23:41:21 - [MESSAGE][PASSED] - Keys 'BACK_SPACE + ' sent to object: 'Object Repository/Objects.DateValidation/Page_ISPS2/input__orderDt'

2020-05-12 23:41:21 - [TEST_STEP][PASSED] - delay(5): Delayed 5 second(s)

2020-05-12 23:41:26 - [MESSAGE][PASSED] - Delayed 5 second(s)

2020-05-12 23:41:26 - [TEST_STEP][PASSED] - setText(DateFieldNm, TodayDate): Text '12/05/2020' is set on object 'Object Repository/Objects.DateValidation/Page_ISPS2/input__orderDt'

2020-05-12 23:41:26 - [MESSAGE][PASSED] - Text '12/05/2020' is set on object 'Object Repository/Objects.DateValidation/Page_ISPS2/input__orderDt'

2020-05-12 23:41:26 - [TEST_STEP][PASSED] - verifyElementNotPresent(findTestObject("Objects.DateValidation/Page_ISPS2/tooltipReqErrMsg"), 0): Web element with id: 'Object Repository/Objects.DateValidation/Page_ISPS2/tooltipReqErrMsg' located by 'By.xpath: //input[contains(@data-errorqtip, 'required') and @name = 'eotFromDate']' is not present after '30' second(s)

2020-05-12 23:41:26 - [MESSAGE][WARNING] - Timeout '0' is invalid. Using default page load timeout: '30'

2020-05-12 23:41:27 - [MESSAGE][PASSED] - Web element with id: 'Object Repository/Objects.DateValidation/Page_ISPS2/tooltipReqErrMsg' located by 'By.xpath: //input[contains(@data-errorqtip, 'required') and @name = 'eotFromDate']' is not present after '30' second(s)

2020-05-12 23:41:27 - [TEST_STEP][PASSED] - sendKeys(DateFieldNm, Keys.chord(ARROW_LEFT)): Keys 'LEFT + ' sent to object: 'Object Repository/Objects.DateValidation/Page_ISPS2/input__orderDt'

2020-05-12 23:41:27 - [MESSAGE][PASSED] - Keys 'LEFT + ' sent to object: 'Object Repository/Objects.DateValidation/Page_ISPS2/input__orderDt'

2020-05-12 23:41:27 - [TEST_STEP][PASSED] - sendKeys(DateFieldNm, Keys.chord(LEFT_CONTROL, "a")): Keys 'CONTROL + a' sent to object: 'Object Repository/Objects.DateValidation/Page_ISPS2/input__orderDt'

2020-05-12 23:41:27 - [MESSAGE][PASSED] - Keys 'CONTROL + a' sent to object: 'Object Repository/Objects.DateValidation/Page_ISPS2/input__orderDt'

2020-05-12 23:41:27 - [TEST_STEP][PASSED] - sendKeys(DateFieldNm, Keys.chord(BACK_SPACE)): Keys 'BACK_SPACE + ' sent to object: 'Object Repository/Objects.DateValidation/Page_ISPS2/input__orderDt'

2020-05-12 23:41:28 - [MESSAGE][PASSED] - Keys 'BACK_SPACE + ' sent to object: 'Object Repository/Objects.DateValidation/Page_ISPS2/input__orderDt'

2020-05-12 23:41:28 - [TEST_STEP][PASSED] - delay(5): Delayed 5 second(s)

2020-05-12 23:41:33 - [MESSAGE][PASSED] - Delayed 5 second(s)

2020-05-12 23:41:33 - [TEST_STEP][PASSED] - focus(DateFieldNm): Object: 'Object Repository/Objects.DateValidation/Page_ISPS2/input__orderDt' is focused

2020-05-12 23:41:33 - [MESSAGE][PASSED] - Object: 'Object Repository/Objects.DateValidation/Page_ISPS2/input__orderDt' is focused

2020-05-12 23:41:33 - [TEST_STEP][PASSED] - mouseOver(DateFieldNm): Object: 'Object Repository/Objects.DateValidation/Page_ISPS2/input__orderDt' is hovered

2020-05-12 23:41:33 - [MESSAGE][PASSED] - Object: 'Object Repository/Objects.DateValidation/Page_ISPS2/input__orderDt' is hovered

2020-05-12 23:41:33 - [TEST_STEP][PASSED] - getRqErrMsg = getAttribute(DateFieldNm, "data-errorqtip", STOP_ON_FAILURE): Attribute 'data-errorqtip' of object 'Object Repository/Objects.DateValidation/Page_ISPS2/input__orderDt' is: '<ul class="x-list-plain"><li>This field is required</li></ul>'

2020-05-12 23:41:34 - [MESSAGE][PASSED] - Attribute 'data-errorqtip' of object 'Object Repository/Objects.DateValidation/Page_ISPS2/input__orderDt' is: '<ul class="x-list-plain"><li>This field is required</li></ul>'

2020-05-12 23:41:34 - [TEST_STEP][PASSED] - strToolTip = getRqErrMsg.substring(29, 61): null

2020-05-12 23:41:34 - [TEST_STEP][PASSED] - toolTipReqErrMsg = strToolTip.substring(0, 22): null

2020-05-12 23:41:34 - [TEST_STEP][PASSED] - verifyMatch(toolTipReqErrMsg, RqField, true, STOP_ON_FAILURE): Actual text 'This field is required' and expected text 'This field is required' are matched  using regular expression

2020-05-12 23:41:34 - [MESSAGE][PASSED] - Actual text 'This field is required' and expected text 'This field is required' are matched  using regular expression

2020-05-12 23:41:34 - [TEST_STEP][PASSED] - if (PastDtValidation == "Y"): null

2020-05-12 23:41:34 - [TEST_STEP][PASSED] - sendKeys(DateFieldNm, Keys.chord(ARROW_DOWN)): Keys 'DOWN + ' sent to object: 'Object Repository/Objects.DateValidation/Page_ISPS2/input__orderDt'

2020-05-12 23:41:34 - [MESSAGE][PASSED] - Keys 'DOWN + ' sent to object: 'Object Repository/Objects.DateValidation/Page_ISPS2/input__orderDt'

2020-05-12 23:41:34 - [TEST_STEP][PASSED] - com.reusableComponents.HighlightElement.run(TodayBtn): com.reusableComponents.HighlightElement.run is PASSED

2020-05-12 23:41:35 - [MESSAGE][PASSED] - com.reusableComponents.HighlightElement.run is PASSED

2020-05-12 23:41:35 - [TEST_STEP][PASSED] - click(TodayBtn): Object: 'Object Repository/Objects.DateValidation/Page_ISPS2/a_Today' is clicked on

2020-05-12 23:41:35 - [MESSAGE][PASSED] - Object: 'Object Repository/Objects.DateValidation/Page_ISPS2/a_Today' is clicked on

2020-05-12 23:41:35 - [TEST_STEP][PASSED] - GetEnteredDt = getAttribute(DateFieldNm, "value", STOP_ON_FAILURE): Attribute 'value' of object 'Object Repository/Objects.DateValidation/Page_ISPS2/input__orderDt' is: '12/05/2020'

2020-05-12 23:41:36 - [MESSAGE][PASSED] - Attribute 'value' of object 'Object Repository/Objects.DateValidation/Page_ISPS2/input__orderDt' is: '12/05/2020'

2020-05-12 23:41:36 - [TEST_STEP][PASSED] - verifyMatch(GetEnteredDt, TodayDate, true): Actual text '12/05/2020' and expected text '12/05/2020' are matched  using regular expression

2020-05-12 23:41:36 - [MESSAGE][PASSED] - Actual text '12/05/2020' and expected text '12/05/2020' are matched  using regular expression

2020-05-12 23:41:36 - [MESSAGE][PASSED] - Call Test Case 'Test Cases/Components/00_Precision and Scale/DateValidation' successfully

2020-05-12 23:41:36 - [TEST_STEP][PASSED] - callTestCase(findTestCase("Components/00_Precision and Scale/DateValidation"), ["LblNm":"EOT To Date *:", "FldNm":"eotToDate", "MinLen":10, "index":2, "PastDtValidation":"Y"], STOP_ON_FAILURE): Call Test Case 'Test Cases/Components/00_Precision and Scale/DateValidation' successfully

2020-05-12 23:41:36 - [TEST_CASE][PASSED] - Test Cases/Components/00_Precision and Scale/DateValidation: Test Cases/Components/00_Precision and Scale/DateValidation

2020-05-12 23:41:36 - [TEST_STEP][PASSED] - Thread.sleep(3000): null

2020-05-12 23:41:39 - [TEST_STEP][PASSED] - date = new java.util.Date(): null

2020-05-12 23:41:39 - [TEST_STEP][PASSED] - CurrentDate = new java.text.SimpleDateFormat(dd/MM/yyyy): null

2020-05-12 23:41:39 - [TEST_STEP][PASSED] - TodayDate = CurrentDate.format(date): null

2020-05-12 23:41:39 - [TEST_STEP][PASSED] - Alphabetic = z).join(): null

2020-05-12 23:41:39 - [TEST_STEP][PASSED] - Numeric = 9).join(): null

2020-05-12 23:41:39 - [TEST_STEP][PASSED] - SpecialChar = "`~!@#$%^&*()-=+_{}|\][;'":,.?><"": null

2020-05-12 23:41:39 - [TEST_STEP][PASSED] - RandomAlpha = RandomStringUtils.random(MinLen, Alphabetic.toCharArray()): null

2020-05-12 23:41:39 - [TEST_STEP][PASSED] - RandomNumeric = RandomStringUtils.random(MinLen, Numeric): null

2020-05-12 23:41:39 - [TEST_STEP][PASSED] - RdmSpChar = RandomStringUtils.random(MinLen, SpecialChar): null

2020-05-12 23:41:39 - [TEST_STEP][PASSED] - NewLblNm = modifyObjectProperty(findTestObject("Objects.DateValidation/Page_ISPS2/label_Name"), "text", "equals", LblNm, true): Modify property of object successfully

2020-05-12 23:41:39 - [MESSAGE][PASSED] - Modify property of object successfully

2020-05-12 23:41:39 - [TEST_STEP][PASSED] - TodayBtn = modifyObjectProperty(findTestObject("Object Repository/Objects.DateValidation/Page_ISPS2/a_Today"), "xpath", "equals", "(//*[text() = 'Today'])[" + index + "]", true): Modify property of object successfully

2020-05-12 23:41:39 - [MESSAGE][PASSED] - Modify property of object successfully

2020-05-12 23:41:39 - [TEST_STEP][PASSED] - com.reusableComponents.HighlightElement.run(NewLblNm): com.reusableComponents.HighlightElement.run is PASSED

2020-05-12 23:41:39 - [MESSAGE][PASSED] - com.reusableComponents.HighlightElement.run is PASSED

2020-05-12 23:41:39 - [TEST_STEP][PASSED] - DateFieldNm = modifyObjectProperty(findTestObject("Object Repository/Objects.DateValidation/Page_ISPS2/input__orderDt"), "name", "equals", FldNm, true): Modify property of object successfully

2020-05-12 23:41:40 - [MESSAGE][PASSED] - Modify property of object successfully

2020-05-12 23:41:40 - [TEST_STEP][PASSED] - com.reusableComponents.HighlightElement.run(DateFieldNm): com.reusableComponents.HighlightElement.run is PASSED

2020-05-12 23:41:40 - [MESSAGE][PASSED] - com.reusableComponents.HighlightElement.run is PASSED

2020-05-12 23:41:40 - [TEST_STEP][PASSED] - focus(DateFieldNm): Object: 'Object Repository/Objects.DateValidation/Page_ISPS2/input__orderDt' is focused

2020-05-12 23:41:41 - [MESSAGE][PASSED] - Object: 'Object Repository/Objects.DateValidation/Page_ISPS2/input__orderDt' is focused

2020-05-12 23:41:41 - [TEST_STEP][PASSED] - DefaultValue = getAttribute(DateFieldNm, "value", STOP_ON_FAILURE): Attribute 'value' of object 'Object Repository/Objects.DateValidation/Page_ISPS2/input__orderDt' is: ''

2020-05-12 23:41:41 - [MESSAGE][PASSED] - Attribute 'value' of object 'Object Repository/Objects.DateValidation/Page_ISPS2/input__orderDt' is: ''

2020-05-12 23:41:41 - [TEST_STEP][PASSED] - verifyMatch(DefaultValue, "", true): Actual text '' and expected text '' are matched  using regular expression

2020-05-12 23:41:41 - [MESSAGE][PASSED] - Actual text '' and expected text '' are matched  using regular expression

2020-05-12 23:41:41 - [TEST_STEP][PASSED] - setText(DateFieldNm, RandomAlpha): Text 'BbtEaXTWHE' is set on object 'Object Repository/Objects.DateValidation/Page_ISPS2/input__orderDt'

2020-05-12 23:41:41 - [MESSAGE][PASSED] - Text 'BbtEaXTWHE' is set on object 'Object Repository/Objects.DateValidation/Page_ISPS2/input__orderDt'

2020-05-12 23:41:41 - [TEST_STEP][PASSED] - getInputAlpha = getAttribute(DateFieldNm, "value", STOP_ON_FAILURE): Attribute 'value' of object 'Object Repository/Objects.DateValidation/Page_ISPS2/input__orderDt' is: ''

2020-05-12 23:41:41 - [MESSAGE][PASSED] - Attribute 'value' of object 'Object Repository/Objects.DateValidation/Page_ISPS2/input__orderDt' is: ''

2020-05-12 23:41:41 - [TEST_STEP][PASSED] - verifyMatch("", getInputAlpha, true, STOP_ON_FAILURE): Actual text '' and expected text '' are matched  using regular expression

2020-05-12 23:41:41 - [MESSAGE][PASSED] - Actual text '' and expected text '' are matched  using regular expression

2020-05-12 23:41:41 - [TEST_STEP][PASSED] - delay(5): Delayed 5 second(s)

2020-05-12 23:41:46 - [MESSAGE][PASSED] - Delayed 5 second(s)

2020-05-12 23:41:46 - [TEST_STEP][PASSED] - setText(DateFieldNm, RdmSpChar): Text '(>=|>|"&&+' is set on object 'Object Repository/Objects.DateValidation/Page_ISPS2/input__orderDt'

2020-05-12 23:41:47 - [MESSAGE][PASSED] - Text '(>=|>|"&&+' is set on object 'Object Repository/Objects.DateValidation/Page_ISPS2/input__orderDt'

2020-05-12 23:41:47 - [TEST_STEP][PASSED] - getInputSpecialChar = getAttribute(DateFieldNm, "value", STOP_ON_FAILURE): Attribute 'value' of object 'Object Repository/Objects.DateValidation/Page_ISPS2/input__orderDt' is: ''

2020-05-12 23:41:47 - [MESSAGE][PASSED] - Attribute 'value' of object 'Object Repository/Objects.DateValidation/Page_ISPS2/input__orderDt' is: ''

2020-05-12 23:41:47 - [TEST_STEP][PASSED] - verifyMatch("", getInputSpecialChar, true, STOP_ON_FAILURE): Actual text '' and expected text '' are matched  using regular expression

2020-05-12 23:41:47 - [MESSAGE][PASSED] - Actual text '' and expected text '' are matched  using regular expression

2020-05-12 23:41:47 - [TEST_STEP][PASSED] - delay(5): Delayed 5 second(s)

2020-05-12 23:41:52 - [MESSAGE][PASSED] - Delayed 5 second(s)

2020-05-12 23:41:52 - [TEST_STEP][PASSED] - setText(DateFieldNm, RandomNumeric): Text '5461405566' is set on object 'Object Repository/Objects.DateValidation/Page_ISPS2/input__orderDt'

2020-05-12 23:41:52 - [MESSAGE][PASSED] - Text '5461405566' is set on object 'Object Repository/Objects.DateValidation/Page_ISPS2/input__orderDt'

2020-05-12 23:41:52 - [TEST_STEP][PASSED] - getInputInvalidDate = getAttribute(findTestObject("Objects.DateValidation/Page_ISPS2/tooltipErrMsgInvalidDate"), "value", STOP_ON_FAILURE): Attribute 'value' of object 'Object Repository/Objects.DateValidation/Page_ISPS2/tooltipErrMsgInvalidDate' is: '5461405566'

2020-05-12 23:41:53 - [MESSAGE][PASSED] - Attribute 'value' of object 'Object Repository/Objects.DateValidation/Page_ISPS2/tooltipErrMsgInvalidDate' is: '5461405566'

2020-05-12 23:41:53 - [TEST_STEP][PASSED] - mouseOver(findTestObject("Objects.DateValidation/Page_ISPS2/tooltipErrMsgInvalidDate"), STOP_ON_FAILURE): Object: 'Object Repository/Objects.DateValidation/Page_ISPS2/tooltipErrMsgInvalidDate' is hovered

2020-05-12 23:41:53 - [MESSAGE][PASSED] - Object: 'Object Repository/Objects.DateValidation/Page_ISPS2/tooltipErrMsgInvalidDate' is hovered

2020-05-12 23:41:53 - [TEST_STEP][PASSED] - getErrMsg = getAttribute(findTestObject("Objects.DateValidation/Page_ISPS2/tooltipErrMsgInvalidDate"), "data-errorqtip", STOP_ON_FAILURE): Attribute 'data-errorqtip' of object 'Object Repository/Objects.DateValidation/Page_ISPS2/tooltipErrMsgInvalidDate' is: '<ul class="x-list-plain"><li>Start time must be less than end time</li><li>5461405566 is not a valid date - it must be in the format d/m/Y</li></ul>'

2020-05-12 23:41:53 - [MESSAGE][PASSED] - Attribute 'data-errorqtip' of object 'Object Repository/Objects.DateValidation/Page_ISPS2/tooltipErrMsgInvalidDate' is: '<ul class="x-list-plain"><li>Start time must be less than end time</li><li>5461405566 is not a valid date - it must be in the format d/m/Y</li></ul>'

2020-05-12 23:41:53 - [TEST_STEP][PASSED] - if (getErrMsg.contains("Start")): Actual text 'Start time must be less than end time 5461405566 is not a valid date - it must be in the format d/m/Y' and expected text 'Start time must be less than end time 5461405566 is not a valid date - it must be in the format d/m/Y' are matched  using regular expression

2020-05-12 23:41:53 - [TEST_STEP][PASSED] - RmvCd = getErrMsg.substring(0, 75): null

2020-05-12 23:41:53 - [TEST_STEP][PASSED] - FirstErrMsg = RmvCd.substring(29, 66): null

2020-05-12 23:41:53 - [TEST_STEP][PASSED] - getTotalLength = getErrMsg.length(): null

2020-05-12 23:41:53 - [TEST_STEP][PASSED] - RmvCd = getErrMsg.substring(75, getTotalLength): null

2020-05-12 23:41:53 - [TEST_STEP][PASSED] - lenInv = RmvCd.length() - 10: null

2020-05-12 23:41:53 - [TEST_STEP][PASSED] - InvErrMsg = RmvCd.substring(0, lenInv): null

2020-05-12 23:41:53 - [TEST_STEP][PASSED] - ExpectedInvalidErrMsg2 = concatenate(InvDtErr, " ", getInputInvalidDate, " ", NotValidDt): Concatenated string array: '['Start time must be less than end time',' ','5461405566',' ','is not a valid date - it must be in the format d/m/Y']' into 'Start time must be less than end time 5461405566 is not a valid date - it must be in the format d/m/Y'

2020-05-12 23:41:53 - [MESSAGE][PASSED] - Concatenated string array: '['Start time must be less than end time',' ','5461405566',' ','is not a valid date - it must be in the format d/m/Y']' into 'Start time must be less than end time 5461405566 is not a valid date - it must be in the format d/m/Y'

2020-05-12 23:41:53 - [TEST_STEP][PASSED] - ActualInvErrMsg = concatenate(FirstErrMsg, " ", InvErrMsg): Concatenated string array: '['Start time must be less than end time',' ','5461405566 is not a valid date - it must be in the format d/m/Y']' into 'Start time must be less than end time 5461405566 is not a valid date - it must be in the format d/m/Y'

2020-05-12 23:41:53 - [MESSAGE][PASSED] - Concatenated string array: '['Start time must be less than end time',' ','5461405566 is not a valid date - it must be in the format d/m/Y']' into 'Start time must be less than end time 5461405566 is not a valid date - it must be in the format d/m/Y'

2020-05-12 23:41:53 - [TEST_STEP][PASSED] - verifyMatch(ActualInvErrMsg, ExpectedInvalidErrMsg2, true): Actual text 'Start time must be less than end time 5461405566 is not a valid date - it must be in the format d/m/Y' and expected text 'Start time must be less than end time 5461405566 is not a valid date - it must be in the format d/m/Y' are matched  using regular expression

2020-05-12 23:41:53 - [MESSAGE][PASSED] - Actual text 'Start time must be less than end time 5461405566 is not a valid date - it must be in the format d/m/Y' and expected text 'Start time must be less than end time 5461405566 is not a valid date - it must be in the format d/m/Y' are matched  using regular expression

2020-05-12 23:41:53 - [TEST_STEP][PASSED] - sendKeys(DateFieldNm, Keys.chord(ARROW_LEFT)): Keys 'LEFT + ' sent to object: 'Object Repository/Objects.DateValidation/Page_ISPS2/input__orderDt'

2020-05-12 23:41:54 - [MESSAGE][PASSED] - Keys 'LEFT + ' sent to object: 'Object Repository/Objects.DateValidation/Page_ISPS2/input__orderDt'

2020-05-12 23:41:54 - [TEST_STEP][PASSED] - sendKeys(DateFieldNm, Keys.chord(LEFT_CONTROL, "a")): Keys 'CONTROL + a' sent to object: 'Object Repository/Objects.DateValidation/Page_ISPS2/input__orderDt'

2020-05-12 23:41:54 - [MESSAGE][PASSED] - Keys 'CONTROL + a' sent to object: 'Object Repository/Objects.DateValidation/Page_ISPS2/input__orderDt'

2020-05-12 23:41:54 - [TEST_STEP][PASSED] - sendKeys(DateFieldNm, Keys.chord(BACK_SPACE)): Keys 'BACK_SPACE + ' sent to object: 'Object Repository/Objects.DateValidation/Page_ISPS2/input__orderDt'

2020-05-12 23:41:54 - [MESSAGE][PASSED] - Keys 'BACK_SPACE + ' sent to object: 'Object Repository/Objects.DateValidation/Page_ISPS2/input__orderDt'

2020-05-12 23:41:54 - [TEST_STEP][PASSED] - delay(5): Delayed 5 second(s)

2020-05-12 23:41:59 - [MESSAGE][PASSED] - Delayed 5 second(s)

2020-05-12 23:41:59 - [TEST_STEP][PASSED] - setText(DateFieldNm, TodayDate): Text '12/05/2020' is set on object 'Object Repository/Objects.DateValidation/Page_ISPS2/input__orderDt'

2020-05-12 23:42:00 - [MESSAGE][PASSED] - Text '12/05/2020' is set on object 'Object Repository/Objects.DateValidation/Page_ISPS2/input__orderDt'

2020-05-12 23:42:00 - [TEST_STEP][PASSED] - verifyElementNotPresent(findTestObject("Objects.DateValidation/Page_ISPS2/tooltipReqErrMsg"), 0): Web element with id: 'Object Repository/Objects.DateValidation/Page_ISPS2/tooltipReqErrMsg' located by 'By.xpath: //input[contains(@data-errorqtip, 'required') and @name = 'eotFromDate']' is not present after '30' second(s)

2020-05-12 23:42:00 - [MESSAGE][WARNING] - Timeout '0' is invalid. Using default page load timeout: '30'

2020-05-12 23:42:00 - [MESSAGE][PASSED] - Web element with id: 'Object Repository/Objects.DateValidation/Page_ISPS2/tooltipReqErrMsg' located by 'By.xpath: //input[contains(@data-errorqtip, 'required') and @name = 'eotFromDate']' is not present after '30' second(s)

2020-05-12 23:42:00 - [TEST_STEP][PASSED] - sendKeys(DateFieldNm, Keys.chord(ARROW_LEFT)): Keys 'LEFT + ' sent to object: 'Object Repository/Objects.DateValidation/Page_ISPS2/input__orderDt'

2020-05-12 23:42:01 - [MESSAGE][PASSED] - Keys 'LEFT + ' sent to object: 'Object Repository/Objects.DateValidation/Page_ISPS2/input__orderDt'

2020-05-12 23:42:01 - [TEST_STEP][PASSED] - sendKeys(DateFieldNm, Keys.chord(LEFT_CONTROL, "a")): Keys 'CONTROL + a' sent to object: 'Object Repository/Objects.DateValidation/Page_ISPS2/input__orderDt'

2020-05-12 23:42:01 - [MESSAGE][PASSED] - Keys 'CONTROL + a' sent to object: 'Object Repository/Objects.DateValidation/Page_ISPS2/input__orderDt'

2020-05-12 23:42:01 - [TEST_STEP][PASSED] - sendKeys(DateFieldNm, Keys.chord(BACK_SPACE)): Keys 'BACK_SPACE + ' sent to object: 'Object Repository/Objects.DateValidation/Page_ISPS2/input__orderDt'

2020-05-12 23:42:01 - [MESSAGE][PASSED] - Keys 'BACK_SPACE + ' sent to object: 'Object Repository/Objects.DateValidation/Page_ISPS2/input__orderDt'

2020-05-12 23:42:01 - [TEST_STEP][PASSED] - delay(5): Delayed 5 second(s)

2020-05-12 23:42:06 - [MESSAGE][PASSED] - Delayed 5 second(s)

2020-05-12 23:42:06 - [TEST_STEP][PASSED] - focus(DateFieldNm): Object: 'Object Repository/Objects.DateValidation/Page_ISPS2/input__orderDt' is focused

2020-05-12 23:42:06 - [MESSAGE][PASSED] - Object: 'Object Repository/Objects.DateValidation/Page_ISPS2/input__orderDt' is focused

2020-05-12 23:42:06 - [TEST_STEP][PASSED] - mouseOver(DateFieldNm): Object: 'Object Repository/Objects.DateValidation/Page_ISPS2/input__orderDt' is hovered

2020-05-12 23:42:07 - [MESSAGE][PASSED] - Object: 'Object Repository/Objects.DateValidation/Page_ISPS2/input__orderDt' is hovered

2020-05-12 23:42:07 - [TEST_STEP][PASSED] - getRqErrMsg = getAttribute(DateFieldNm, "data-errorqtip", STOP_ON_FAILURE): Attribute 'data-errorqtip' of object 'Object Repository/Objects.DateValidation/Page_ISPS2/input__orderDt' is: '<ul class="x-list-plain"><li>This field is required</li></ul>'

2020-05-12 23:42:07 - [MESSAGE][PASSED] - Attribute 'data-errorqtip' of object 'Object Repository/Objects.DateValidation/Page_ISPS2/input__orderDt' is: '<ul class="x-list-plain"><li>This field is required</li></ul>'

2020-05-12 23:42:07 - [TEST_STEP][PASSED] - strToolTip = getRqErrMsg.substring(29, 61): null

2020-05-12 23:42:07 - [TEST_STEP][PASSED] - toolTipReqErrMsg = strToolTip.substring(0, 22): null

2020-05-12 23:42:07 - [TEST_STEP][PASSED] - verifyMatch(toolTipReqErrMsg, RqField, true, STOP_ON_FAILURE): Actual text 'This field is required' and expected text 'This field is required' are matched  using regular expression

2020-05-12 23:42:07 - [MESSAGE][PASSED] - Actual text 'This field is required' and expected text 'This field is required' are matched  using regular expression

2020-05-12 23:42:07 - [TEST_STEP][PASSED] - if (PastDtValidation == "Y"): Text of object 'Object Repository/Objects.DateValidation/Page_ISPS2/input__orderDt' is cleared

2020-05-12 23:42:07 - [TEST_STEP][PASSED] - delay(5): Delayed 5 second(s)

2020-05-12 23:42:12 - [MESSAGE][PASSED] - Delayed 5 second(s)

2020-05-12 23:42:12 - [TEST_STEP][PASSED] - GetDate = date - 30: null

2020-05-12 23:42:12 - [TEST_STEP][PASSED] - PastDate = GetDate.format("dd/MM/yyyy"): null

2020-05-12 23:42:12 - [TEST_STEP][PASSED] - setText(DateFieldNm, PastDate): Text '12/04/2020' is set on object 'Object Repository/Objects.DateValidation/Page_ISPS2/input__orderDt'

2020-05-12 23:42:12 - [MESSAGE][PASSED] - Text '12/04/2020' is set on object 'Object Repository/Objects.DateValidation/Page_ISPS2/input__orderDt'

2020-05-12 23:42:12 - [TEST_STEP][PASSED] - mouseOver(findTestObject("Objects.DateValidation/Page_ISPS2/tooltipErrDate"), STOP_ON_FAILURE): Object: 'Object Repository/Objects.DateValidation/Page_ISPS2/tooltipErrDate' is hovered

2020-05-12 23:42:13 - [MESSAGE][PASSED] - Object: 'Object Repository/Objects.DateValidation/Page_ISPS2/tooltipErrDate' is hovered

2020-05-12 23:42:13 - [TEST_STEP][PASSED] - PastDtErrMsg = getAttribute(findTestObject("Objects.DateValidation/Page_ISPS2/tooltipErrDate"), "data-errorqtip", STOP_ON_FAILURE): Attribute 'data-errorqtip' of object 'Object Repository/Objects.DateValidation/Page_ISPS2/tooltipErrDate' is: '<ul class="x-list-plain"><li>The date in this field must be after 12/05/2020</li></ul>'

2020-05-12 23:42:13 - [MESSAGE][PASSED] - Attribute 'data-errorqtip' of object 'Object Repository/Objects.DateValidation/Page_ISPS2/tooltipErrDate' is: '<ul class="x-list-plain"><li>The date in this field must be after 12/05/2020</li></ul>'

2020-05-12 23:42:13 - [TEST_STEP][PASSED] - lenErrMsg = PastDtErrMsg.length(): null

2020-05-12 23:42:13 - [TEST_STEP][PASSED] - RmvCde = PastDtErrMsg.substring(29, lenErrMsg): null

2020-05-12 23:42:13 - [TEST_STEP][PASSED] - ActualErrDtMsg = RmvCde.substring(0, 47): null

2020-05-12 23:42:13 - [TEST_STEP][PASSED] - ExpectedErrDtMsg = concatenate(DtErrMsg, " ", TodayDate): Concatenated string array: '['The date in this field must be after',' ','12/05/2020']' into 'The date in this field must be after 12/05/2020'

2020-05-12 23:42:13 - [MESSAGE][PASSED] - Concatenated string array: '['The date in this field must be after',' ','12/05/2020']' into 'The date in this field must be after 12/05/2020'

2020-05-12 23:42:13 - [TEST_STEP][PASSED] - verifyMatch(ActualErrDtMsg, ExpectedErrDtMsg, true): Actual text 'The date in this field must be after 12/05/2020' and expected text 'The date in this field must be after 12/05/2020' are matched  using regular expression

2020-05-12 23:42:13 - [MESSAGE][PASSED] - Actual text 'The date in this field must be after 12/05/2020' and expected text 'The date in this field must be after 12/05/2020' are matched  using regular expression

2020-05-12 23:42:13 - [TEST_STEP][PASSED] - clearText(DateFieldNm): Text of object 'Object Repository/Objects.DateValidation/Page_ISPS2/input__orderDt' is cleared

2020-05-12 23:42:14 - [MESSAGE][PASSED] - Text of object 'Object Repository/Objects.DateValidation/Page_ISPS2/input__orderDt' is cleared

2020-05-12 23:42:14 - [TEST_STEP][PASSED] - sendKeys(DateFieldNm, Keys.chord(ARROW_DOWN)): Keys 'DOWN + ' sent to object: 'Object Repository/Objects.DateValidation/Page_ISPS2/input__orderDt'

2020-05-12 23:42:14 - [MESSAGE][PASSED] - Keys 'DOWN + ' sent to object: 'Object Repository/Objects.DateValidation/Page_ISPS2/input__orderDt'

2020-05-12 23:42:14 - [TEST_STEP][PASSED] - com.reusableComponents.HighlightElement.run(TodayBtn): com.reusableComponents.HighlightElement.run is PASSED

2020-05-12 23:42:15 - [MESSAGE][PASSED] - com.reusableComponents.HighlightElement.run is PASSED

2020-05-12 23:42:15 - [TEST_STEP][PASSED] - click(TodayBtn): Object: 'Object Repository/Objects.DateValidation/Page_ISPS2/a_Today' is clicked on

2020-05-12 23:42:15 - [MESSAGE][PASSED] - Object: 'Object Repository/Objects.DateValidation/Page_ISPS2/a_Today' is clicked on

2020-05-12 23:42:15 - [TEST_STEP][PASSED] - GetEnteredDt = getAttribute(DateFieldNm, "value", STOP_ON_FAILURE): Attribute 'value' of object 'Object Repository/Objects.DateValidation/Page_ISPS2/input__orderDt' is: '12/05/2020'

2020-05-12 23:42:16 - [MESSAGE][PASSED] - Attribute 'value' of object 'Object Repository/Objects.DateValidation/Page_ISPS2/input__orderDt' is: '12/05/2020'

2020-05-12 23:42:16 - [TEST_STEP][PASSED] - verifyMatch(GetEnteredDt, TodayDate, true): Actual text '12/05/2020' and expected text '12/05/2020' are matched  using regular expression

2020-05-12 23:42:16 - [MESSAGE][PASSED] - Actual text '12/05/2020' and expected text '12/05/2020' are matched  using regular expression

2020-05-12 23:42:16 - [MESSAGE][PASSED] - Call Test Case 'Test Cases/Components/00_Precision and Scale/DateValidation' successfully

2020-05-12 23:42:16 - [TEST_STEP][PASSED] - callTestCase(findTestCase("Components/00_Precision and Scale/OfficerValidation"), ["LblNm":"Approve Officer *:", "FldNm":"approveOfficerCmb", "EnterAValue":"1231@#$asdCV"], STOP_ON_FAILURE): Call Test Case 'Test Cases/Components/00_Precision and Scale/OfficerValidation' successfully

2020-05-12 23:42:16 - [TEST_CASE][PASSED] - Test Cases/Components/00_Precision and Scale/OfficerValidation: Test Cases/Components/00_Precision and Scale/OfficerValidation

2020-05-12 23:42:16 - [TEST_STEP][PASSED] - Thread.sleep(3000): null

2020-05-12 23:42:19 - [TEST_STEP][PASSED] - OfficerLists = [1:"Aaron Sham Wai Lun (AARON)", 2:"Azidah Bte Akmad (Mdm) (USAABD)", 3:"Chung Fong Nyen (USACFN)", 4:"David Tey Dah Wei (DAHWEI)", ... ]: null

2020-05-12 23:42:19 - [TEST_STEP][PASSED] - NewLblNmField = modifyObjectProperty(findTestObject("Objects.ApproveOfficerValidation/Page_ISPS2/span_Approve Officer"), "text", "equals", LblNm, true): Modify property of object successfully

2020-05-12 23:42:19 - [MESSAGE][PASSED] - Modify property of object successfully

2020-05-12 23:42:19 - [TEST_STEP][PASSED] - NewInputNmField = modifyObjectProperty(findTestObject("Objects.ApproveOfficerValidation/Page_ISPS2/input__approveOfficerCmb"), "name", "equals", FldNm, true): Modify property of object successfully

2020-05-12 23:42:19 - [MESSAGE][PASSED] - Modify property of object successfully

2020-05-12 23:42:19 - [TEST_STEP][PASSED] - com.reusableComponents.HighlightElement.run(NewLblNmField): com.reusableComponents.HighlightElement.run is PASSED

2020-05-12 23:42:20 - [MESSAGE][PASSED] - com.reusableComponents.HighlightElement.run is PASSED

2020-05-12 23:42:20 - [TEST_STEP][PASSED] - com.reusableComponents.HighlightElement.run(NewInputNmField): com.reusableComponents.HighlightElement.run is PASSED

2020-05-12 23:42:21 - [MESSAGE][PASSED] - com.reusableComponents.HighlightElement.run is PASSED

2020-05-12 23:42:21 - [TEST_STEP][PASSED] - focus(NewInputNmField): Object: 'Object Repository/Objects.ApproveOfficerValidation/Page_ISPS2/input__approveOfficerCmb' is focused

2020-05-12 23:42:21 - [MESSAGE][PASSED] - Object: 'Object Repository/Objects.ApproveOfficerValidation/Page_ISPS2/input__approveOfficerCmb' is focused

2020-05-12 23:42:21 - [TEST_STEP][PASSED] - DefaultValue = getAttribute(NewInputNmField, "value"): Attribute 'value' of object 'Object Repository/Objects.ApproveOfficerValidation/Page_ISPS2/input__approveOfficerCmb' is: ''

2020-05-12 23:42:21 - [MESSAGE][PASSED] - Attribute 'value' of object 'Object Repository/Objects.ApproveOfficerValidation/Page_ISPS2/input__approveOfficerCmb' is: ''

2020-05-12 23:42:21 - [TEST_STEP][PASSED] - verifyMatch(DefaultValue, "", true): Actual text '' and expected text '' are matched  using regular expression

2020-05-12 23:42:21 - [MESSAGE][PASSED] - Actual text '' and expected text '' are matched  using regular expression

2020-05-12 23:42:21 - [TEST_STEP][PASSED] - setText(NewInputNmField, EnterAValue): Text '1231@#$asdCV' is set on object 'Object Repository/Objects.ApproveOfficerValidation/Page_ISPS2/input__approveOfficerCmb'

2020-05-12 23:42:22 - [MESSAGE][PASSED] - Text '1231@#$asdCV' is set on object 'Object Repository/Objects.ApproveOfficerValidation/Page_ISPS2/input__approveOfficerCmb'

2020-05-12 23:42:22 - [TEST_STEP][PASSED] - sendKeys(NewInputNmField, Keys.chord(ENTER)): Keys 'ENTER + ' sent to object: 'Object Repository/Objects.ApproveOfficerValidation/Page_ISPS2/input__approveOfficerCmb'

2020-05-12 23:42:22 - [MESSAGE][PASSED] - Keys 'ENTER + ' sent to object: 'Object Repository/Objects.ApproveOfficerValidation/Page_ISPS2/input__approveOfficerCmb'

2020-05-12 23:42:22 - [TEST_STEP][PASSED] - FindValue = getAttribute(NewInputNmField, "value"): Attribute 'value' of object 'Object Repository/Objects.ApproveOfficerValidation/Page_ISPS2/input__approveOfficerCmb' is: '1231@#$asdCV'

2020-05-12 23:42:22 - [MESSAGE][PASSED] - Attribute 'value' of object 'Object Repository/Objects.ApproveOfficerValidation/Page_ISPS2/input__approveOfficerCmb' is: '1231@#$asdCV'

2020-05-12 23:42:22 - [TEST_STEP][PASSED] - ValueFound = OfficerLists.find({ -> ... }): null

2020-05-12 23:42:22 - [TEST_STEP][PASSED] - if (ValueFound == null): No Record Found

2020-05-12 23:42:22 - [TEST_STEP][PASSED] - comment("No Record Found"): No Record Found

2020-05-12 23:42:22 - [MESSAGE][INFO] - No Record Found

2020-05-12 23:42:22 - [TEST_STEP][PASSED] - focus(NewInputNmField): Object: 'Object Repository/Objects.ApproveOfficerValidation/Page_ISPS2/input__approveOfficerCmb' is focused

2020-05-12 23:42:23 - [MESSAGE][PASSED] - Object: 'Object Repository/Objects.ApproveOfficerValidation/Page_ISPS2/input__approveOfficerCmb' is focused

2020-05-12 23:42:23 - [TEST_STEP][PASSED] - sendKeys(NewInputNmField, Keys.chord(ARROW_LEFT)): Keys 'LEFT + ' sent to object: 'Object Repository/Objects.ApproveOfficerValidation/Page_ISPS2/input__approveOfficerCmb'

2020-05-12 23:42:23 - [MESSAGE][PASSED] - Keys 'LEFT + ' sent to object: 'Object Repository/Objects.ApproveOfficerValidation/Page_ISPS2/input__approveOfficerCmb'

2020-05-12 23:42:23 - [TEST_STEP][PASSED] - sendKeys(NewInputNmField, Keys.chord(LEFT_CONTROL, "a")): Keys 'CONTROL + a' sent to object: 'Object Repository/Objects.ApproveOfficerValidation/Page_ISPS2/input__approveOfficerCmb'

2020-05-12 23:42:23 - [MESSAGE][PASSED] - Keys 'CONTROL + a' sent to object: 'Object Repository/Objects.ApproveOfficerValidation/Page_ISPS2/input__approveOfficerCmb'

2020-05-12 23:42:23 - [TEST_STEP][PASSED] - sendKeys(NewInputNmField, Keys.chord(BACK_SPACE)): Keys 'BACK_SPACE + ' sent to object: 'Object Repository/Objects.ApproveOfficerValidation/Page_ISPS2/input__approveOfficerCmb'

2020-05-12 23:42:24 - [MESSAGE][PASSED] - Keys 'BACK_SPACE + ' sent to object: 'Object Repository/Objects.ApproveOfficerValidation/Page_ISPS2/input__approveOfficerCmb'

2020-05-12 23:42:24 - [TEST_STEP][PASSED] - sendKeys(NewInputNmField, Keys.chord(TAB)): Keys 'TAB + ' sent to object: 'Object Repository/Objects.ApproveOfficerValidation/Page_ISPS2/input__approveOfficerCmb'

2020-05-12 23:42:24 - [MESSAGE][PASSED] - Keys 'TAB + ' sent to object: 'Object Repository/Objects.ApproveOfficerValidation/Page_ISPS2/input__approveOfficerCmb'

2020-05-12 23:42:24 - [TEST_STEP][PASSED] - mouseOver(NewInputNmField): Object: 'Object Repository/Objects.ApproveOfficerValidation/Page_ISPS2/input__approveOfficerCmb' is hovered

2020-05-12 23:42:24 - [MESSAGE][PASSED] - Object: 'Object Repository/Objects.ApproveOfficerValidation/Page_ISPS2/input__approveOfficerCmb' is hovered

2020-05-12 23:42:24 - [TEST_STEP][PASSED] - getRqErrMsg = getAttribute(NewInputNmField, "data-errorqtip"): Attribute 'data-errorqtip' of object 'Object Repository/Objects.ApproveOfficerValidation/Page_ISPS2/input__approveOfficerCmb' is: '<ul class="x-list-plain"><li>This field is required</li></ul>'

2020-05-12 23:42:25 - [MESSAGE][PASSED] - Attribute 'data-errorqtip' of object 'Object Repository/Objects.ApproveOfficerValidation/Page_ISPS2/input__approveOfficerCmb' is: '<ul class="x-list-plain"><li>This field is required</li></ul>'

2020-05-12 23:42:25 - [TEST_STEP][PASSED] - getlenErr = getRqErrMsg.length(): null

2020-05-12 23:42:25 - [TEST_STEP][PASSED] - strToolTip = getRqErrMsg.substring(29, getlenErr): null

2020-05-12 23:42:25 - [TEST_STEP][PASSED] - toolTipReqErrMsg = strToolTip.substring(0, 22): null

2020-05-12 23:42:25 - [TEST_STEP][PASSED] - verifyMatch(toolTipReqErrMsg, RqField, true): Actual text 'This field is required' and expected text 'This field is required' are matched  using regular expression

2020-05-12 23:42:25 - [MESSAGE][PASSED] - Actual text 'This field is required' and expected text 'This field is required' are matched  using regular expression

2020-05-12 23:42:25 - [TEST_STEP][PASSED] - focus(NewInputNmField): Object: 'Object Repository/Objects.ApproveOfficerValidation/Page_ISPS2/input__approveOfficerCmb' is focused

2020-05-12 23:42:25 - [MESSAGE][PASSED] - Object: 'Object Repository/Objects.ApproveOfficerValidation/Page_ISPS2/input__approveOfficerCmb' is focused

2020-05-12 23:42:25 - [TEST_STEP][PASSED] - for ([itr = 0, itr < OfficerLists.size(), (itr++)]): Keys 'DOWN + ' sent to object: 'Object Repository/Objects.ApproveOfficerValidation/Page_ISPS2/input__approveOfficerCmb'

2020-05-12 23:42:25 - [TEST_STEP][PASSED] - sendKeys(NewInputNmField, Keys.chord(ARROW_DOWN)): Keys 'DOWN + ' sent to object: 'Object Repository/Objects.ApproveOfficerValidation/Page_ISPS2/input__approveOfficerCmb'

2020-05-12 23:42:26 - [MESSAGE][PASSED] - Keys 'DOWN + ' sent to object: 'Object Repository/Objects.ApproveOfficerValidation/Page_ISPS2/input__approveOfficerCmb'

2020-05-12 23:42:26 - [TEST_STEP][PASSED] - sendKeys(NewInputNmField, Keys.chord(ENTER)): Keys 'ENTER + ' sent to object: 'Object Repository/Objects.ApproveOfficerValidation/Page_ISPS2/input__approveOfficerCmb'

2020-05-12 23:42:26 - [MESSAGE][PASSED] - Keys 'ENTER + ' sent to object: 'Object Repository/Objects.ApproveOfficerValidation/Page_ISPS2/input__approveOfficerCmb'

2020-05-12 23:42:26 - [TEST_STEP][PASSED] - ValueFound = getAttribute(NewInputNmField, "value"): Attribute 'value' of object 'Object Repository/Objects.ApproveOfficerValidation/Page_ISPS2/input__approveOfficerCmb' is: 'Aaron Sham Wai Lun (AARON)'

2020-05-12 23:42:27 - [MESSAGE][PASSED] - Attribute 'value' of object 'Object Repository/Objects.ApproveOfficerValidation/Page_ISPS2/input__approveOfficerCmb' is: 'Aaron Sham Wai Lun (AARON)'

2020-05-12 23:42:27 - [TEST_STEP][PASSED] - FoundVal = OfficerLists.find({ -> ... }): null

2020-05-12 23:42:27 - [TEST_STEP][PASSED] - if (FoundVal != null): null

2020-05-12 23:42:27 - [TEST_STEP][PASSED] - println(FoundVal): null

2020-05-12 23:42:27 - [TEST_STEP][PASSED] - sendKeys(NewInputNmField, Keys.chord(ARROW_DOWN)): Keys 'DOWN + ' sent to object: 'Object Repository/Objects.ApproveOfficerValidation/Page_ISPS2/input__approveOfficerCmb'

2020-05-12 23:42:27 - [MESSAGE][PASSED] - Keys 'DOWN + ' sent to object: 'Object Repository/Objects.ApproveOfficerValidation/Page_ISPS2/input__approveOfficerCmb'

2020-05-12 23:42:27 - [TEST_STEP][PASSED] - sendKeys(NewInputNmField, Keys.chord(ARROW_DOWN)): Keys 'DOWN + ' sent to object: 'Object Repository/Objects.ApproveOfficerValidation/Page_ISPS2/input__approveOfficerCmb'

2020-05-12 23:42:27 - [MESSAGE][PASSED] - Keys 'DOWN + ' sent to object: 'Object Repository/Objects.ApproveOfficerValidation/Page_ISPS2/input__approveOfficerCmb'

2020-05-12 23:42:27 - [TEST_STEP][PASSED] - sendKeys(NewInputNmField, Keys.chord(ENTER)): Keys 'ENTER + ' sent to object: 'Object Repository/Objects.ApproveOfficerValidation/Page_ISPS2/input__approveOfficerCmb'

2020-05-12 23:42:28 - [MESSAGE][PASSED] - Keys 'ENTER + ' sent to object: 'Object Repository/Objects.ApproveOfficerValidation/Page_ISPS2/input__approveOfficerCmb'

2020-05-12 23:42:28 - [TEST_STEP][PASSED] - ValueFound = getAttribute(NewInputNmField, "value"): Attribute 'value' of object 'Object Repository/Objects.ApproveOfficerValidation/Page_ISPS2/input__approveOfficerCmb' is: 'Azidah Bte Akmad (Mdm) (USAABD)'

2020-05-12 23:42:28 - [MESSAGE][PASSED] - Attribute 'value' of object 'Object Repository/Objects.ApproveOfficerValidation/Page_ISPS2/input__approveOfficerCmb' is: 'Azidah Bte Akmad (Mdm) (USAABD)'

2020-05-12 23:42:28 - [TEST_STEP][PASSED] - FoundVal = OfficerLists.find({ -> ... }): null

2020-05-12 23:42:28 - [TEST_STEP][PASSED] - if (FoundVal != null): null

2020-05-12 23:42:28 - [TEST_STEP][PASSED] - println(FoundVal): null

2020-05-12 23:42:28 - [TEST_STEP][PASSED] - sendKeys(NewInputNmField, Keys.chord(ARROW_DOWN)): Keys 'DOWN + ' sent to object: 'Object Repository/Objects.ApproveOfficerValidation/Page_ISPS2/input__approveOfficerCmb'

2020-05-12 23:42:29 - [MESSAGE][PASSED] - Keys 'DOWN + ' sent to object: 'Object Repository/Objects.ApproveOfficerValidation/Page_ISPS2/input__approveOfficerCmb'

[...]
	at com.kms.katalon.core.keyword.builtin.CallTestCaseKeyword$_callTestCase_closure1.doCall(CallTestCaseKeyword.groovy:59)
	at com.kms.katalon.core.keyword.builtin.CallTestCaseKeyword$_callTestCase_closure1.call(CallTestCaseKeyword.groovy)
	at com.kms.katalon.core.keyword.internal.KeywordMain.runKeyword(KeywordMain.groovy:68)
	at com.kms.katalon.core.keyword.builtin.CallTestCaseKeyword.callTestCase(CallTestCaseKeyword.groovy:81)
	at com.kms.katalon.core.keyword.builtin.CallTestCaseKeyword.execute(CallTestCaseKeyword.groovy:44)
	at com.kms.katalon.core.keyword.internal.KeywordExecutor.executeKeywordForPlatform(KeywordExecutor.groovy:72)
	at com.kms.katalon.core.keyword.BuiltinKeywords.callTestCase(BuiltinKeywords.groovy:334)
	at PFI.CourtActionsLHS.run(PFI.CourtActionsLHS:90)
	at com.kms.katalon.core.main.ScriptEngine.run(ScriptEngine.java:194)
	at com.kms.katalon.core.main.ScriptEngine.runScriptAsRawText(ScriptEngine.java:119)
	at com.kms.katalon.core.main.TestCaseExecutor.runScript(TestCaseExecutor.java:337)
	at com.kms.katalon.core.main.TestCaseExecutor.doExecute(TestCaseExecutor.java:328)
	at com.kms.katalon.core.main.TestCaseExecutor.processExecutionPhase(TestCaseExecutor.java:307)
	at com.kms.katalon.core.main.TestCaseExecutor.accessMainPhase(TestCaseExecutor.java:299)
	at com.kms.katalon.core.main.TestCaseExecutor.execute(TestCaseExecutor.java:233)
	at com.kms.katalon.core.main.TestSuiteExecutor.accessTestCaseMainPhase(TestSuiteExecutor.java:169)
	at com.kms.katalon.core.main.TestSuiteExecutor.accessTestSuiteMainPhase(TestSuiteExecutor.java:142)
	at com.kms.katalon.core.main.TestSuiteExecutor.execute(TestSuiteExecutor.java:91)
	at com.kms.katalon.core.main.TestCaseMain.startTestSuite(TestCaseMain.java:157)
	at com.kms.katalon.core.main.TestCaseMain$startTestSuite$0.call(Unknown Source)
	at TempTestSuite1589297932133.run(TempTestSuite1589297932133.groovy:36)
)
	at com.kms.katalon.core.keyword.internal.KeywordMain.stepFailed(KeywordMain.groovy:50)
	at com.kms.katalon.core.keyword.internal.KeywordMain.stepFailed(KeywordMain.groovy)
	at com.kms.katalon.core.keyword.internal.KeywordMain.runKeyword(KeywordMain.groovy:70)
	at com.kms.katalon.core.keyword.builtin.VerifyMatchKeyword.verifyMatch(VerifyMatchKeyword.groovy:60)
	at com.kms.katalon.core.keyword.builtin.VerifyMatchKeyword.execute(VerifyMatchKeyword.groovy:45)
	at com.kms.katalon.core.keyword.internal.KeywordExecutor.executeKeywordForPlatform(KeywordExecutor.groovy:72)
	at com.kms.katalon.core.keyword.BuiltinKeywords.verifyMatch(BuiltinKeywords.groovy:73)
	at DropdownValidation.run(DropdownValidation:66)
	at com.kms.katalon.core.main.ScriptEngine.run(ScriptEngine.java:194)
	at com.kms.katalon.core.main.ScriptEngine.runScriptAsRawText(ScriptEngine.java:119)
	at com.kms.katalon.core.main.TestCaseExecutor.runScript(TestCaseExecutor.java:337)
	at com.kms.katalon.core.main.TestCaseExecutor.doExecute(TestCaseExecutor.java:328)
	at com.kms.katalon.core.main.TestCaseExecutor.processExecutionPhase(TestCaseExecutor.java:307)
	at com.kms.katalon.core.main.TestCaseExecutor.accessMainPhase(TestCaseExecutor.java:299)
	at com.kms.katalon.core.main.TestCaseExecutor.execute(TestCaseExecutor.java:233)
	at com.kms.katalon.core.main.TestCaseMain.runTestCase(TestCaseMain.java:114)
	at com.kms.katalon.core.keyword.builtin.CallTestCaseKeyword$_callTestCase_closure1.doCall(CallTestCaseKeyword.groovy:59)
	... 20 more
Caused by: java.lang.NullPointerException
	at com.kms.katalon.core.helper.KeywordHelper.match(KeywordHelper.java:22)
	at com.kms.katalon.core.keyword.builtin.VerifyMatchKeyword$_verifyMatch_closure1.doCall(VerifyMatchKeyword.groovy:53)
	at com.kms.katalon.core.keyword.builtin.VerifyMatchKeyword$_verifyMatch_closure1.call(VerifyMatchKeyword.groovy)
	at com.kms.katalon.core.keyword.internal.KeywordMain.runKeyword(KeywordMain.groovy:68)
	... 34 more
)]]></system-out>
         <system-err><![CDATA[2020-05-12 23:55:33 - [TEST_CASE][FAILED] - Test Cases/PFI Precision and Scale/PFI Test Cases/PFI.CourtActionsLHS: Test Cases/PFI Precision and Scale/PFI Test Cases/PFI.CourtActionsLHS FAILED.
Reason:
com.kms.katalon.core.exception.StepFailedException: Call Test Case 'Test Cases/PFI Precision and Scale/PFI Components/DropdownValidation' failed
	at com.kms.katalon.core.keyword.builtin.CallTestCaseKeyword$_callTestCase_closure1.doCall(CallTestCaseKeyword.groovy:63)
	at com.kms.katalon.core.keyword.builtin.CallTestCaseKeyword$_callTestCase_closure1.call(CallTestCaseKeyword.groovy)
	at com.kms.katalon.core.keyword.internal.KeywordMain.runKeyword(KeywordMain.groovy:68)
	at com.kms.katalon.core.keyword.builtin.CallTestCaseKeyword.callTestCase(CallTestCaseKeyword.groovy:81)
	at com.kms.katalon.core.keyword.builtin.CallTestCaseKeyword.execute(CallTestCaseKeyword.groovy:44)
	at com.kms.katalon.core.keyword.internal.KeywordExecutor.executeKeywordForPlatform(KeywordExecutor.groovy:72)
	at com.kms.katalon.core.keyword.BuiltinKeywords.callTestCase(BuiltinKeywords.groovy:334)
	at PFI.CourtActionsLHS.run(PFI.CourtActionsLHS:90)
	at com.kms.katalon.core.main.ScriptEngine.run(ScriptEngine.java:194)
	at com.kms.katalon.core.main.ScriptEngine.runScriptAsRawText(ScriptEngine.java:119)
	at com.kms.katalon.core.main.TestCaseExecutor.runScript(TestCaseExecutor.java:337)
	at com.kms.katalon.core.main.TestCaseExecutor.doExecute(TestCaseExecutor.java:328)
	at com.kms.katalon.core.main.TestCaseExecutor.processExecutionPhase(TestCaseExecutor.java:307)
	at com.kms.katalon.core.main.TestCaseExecutor.accessMainPhase(TestCaseExecutor.java:299)
	at com.kms.katalon.core.main.TestCaseExecutor.execute(TestCaseExecutor.java:233)
	at com.kms.katalon.core.main.TestSuiteExecutor.accessTestCaseMainPhase(TestSuiteExecutor.java:169)
	at com.kms.katalon.core.main.TestSuiteExecutor.accessTestSuiteMainPhase(TestSuiteExecutor.java:142)
	at com.kms.katalon.core.main.TestSuiteExecutor.execute(TestSuiteExecutor.java:91)
	at com.kms.katalon.core.main.TestCaseMain.startTestSuite(TestCaseMain.java:157)
	at com.kms.katalon.core.main.TestCaseMain$startTestSuite$0.call(Unknown Source)
	at TempTestSuite1589297932133.run(TempTestSuite1589297932133.groovy:36)
Caused by: com.kms.katalon.core.exception.StepFailedException: Unable to verify match between actual text '&#8203;Toh Eng Shyan (ENGSHYAN)' and expected text 'null' using regular expression (Root cause: java.lang.NullPointerException
	at com.kms.katalon.core.helper.KeywordHelper.match(KeywordHelper.java:22)
	at com.kms.katalon.core.keyword.builtin.VerifyMatchKeyword$_verifyMatch_closure1.doCall(VerifyMatchKeyword.groovy:53)
	at com.kms.katalon.core.keyword.builtin.VerifyMatchKeyword$_verifyMatch_closure1.call(VerifyMatchKeyword.groovy)
	at com.kms.katalon.core.keyword.internal.KeywordMain.runKeyword(KeywordMain.groovy:68)
	at com.kms.katalon.core.keyword.builtin.VerifyMatchKeyword.verifyMatch(VerifyMatchKeyword.groovy:60)
	at com.kms.katalon.core.keyword.builtin.VerifyMatchKeyword.execute(VerifyMatchKeyword.groovy:45)
	at com.kms.katalon.core.keyword.internal.KeywordExecutor.executeKeywordForPlatform(KeywordExecutor.groovy:72)
	at com.kms.katalon.core.keyword.BuiltinKeywords.verifyMatch(BuiltinKeywords.groovy:73)
	at DropdownValidation.run(DropdownValidation:66)
	at com.kms.katalon.core.main.ScriptEngine.run(ScriptEngine.java:194)
	at com.kms.katalon.core.main.ScriptEngine.runScriptAsRawText(ScriptEngine.java:119)
	at com.kms.katalon.core.main.TestCaseExecutor.runScript(TestCaseExecutor.java:337)
	at com.kms.katalon.core.main.TestCaseExecutor.doExecute(TestCaseExecutor.java:328)
	at com.kms.katalon.core.main.TestCaseExecutor.processExecutionPhase(TestCaseExecutor.java:307)
	at com.kms.katalon.core.main.TestCaseExecutor.accessMainPhase(TestCaseExecutor.java:299)
	at com.kms.katalon.core.main.TestCaseExecutor.execute(TestCaseExecutor.java:233)
	at com.kms.katalon.core.main.TestCaseMain.runTestCase(TestCaseMain.java:114)
	at com.kms.katalon.core.keyword.builtin.CallTestCaseKeyword$_callTestCase_closure1.doCall(CallTestCaseKeyword.groovy:59)
	at com.kms.katalon.core.keyword.builtin.CallTestCaseKeyword$_callTestCase_closure1.call(CallTestCaseKeyword.groovy)
	at com.kms.katalon.core.keyword.internal.KeywordMain.runKeyword(KeywordMain.groovy:68)
	at com.kms.katalon.core.keyword.builtin.CallTestCaseKeyword.callTestCase(CallTestCaseKeyword.groovy:81)
	at com.kms.katalon.core.keyword.builtin.CallTestCaseKeyword.execute(CallTestCaseKeyword.groovy:44)
	at com.kms.katalon.core.keyword.internal.KeywordExecutor.executeKeywordForPlatform(KeywordExecutor.groovy:72)
	at com.kms.katalon.core.keyword.BuiltinKeywords.callTestCase(BuiltinKeywords.groovy:334)
	at PFI.CourtActionsLHS.run(PFI.CourtActionsLHS:90)
	at com.kms.katalon.core.main.ScriptEngine.run(ScriptEngine.java:194)
	at com.kms.katalon.core.main.ScriptEngine.runScriptAsRawText(ScriptEngine.java:119)
	at com.kms.katalon.core.main.TestCaseExecutor.runScript(TestCaseExecutor.java:337)
	at com.kms.katalon.core.main.TestCaseExecutor.doExecute(TestCaseExecutor.java:328)
	at com.kms.katalon.core.main.TestCaseExecutor.processExecutionPhase(TestCaseExecutor.java:307)
	at com.kms.katalon.core.main.TestCaseExecutor.accessMainPhase(TestCaseExecutor.java:299)
	at com.kms.katalon.core.main.TestCaseExecutor.execute(TestCaseExecutor.java:233)
	at com.kms.katalon.core.main.TestSuiteExecutor.accessTestCaseMainPhase(TestSuiteExecutor.java:169)
	at com.kms.katalon.core.main.TestSuiteExecutor.accessTestSuiteMainPhase(TestSuiteExecutor.java:142)
	at com.kms.katalon.core.main.TestSuiteExecutor.execute(TestSuiteExecutor.java:91)
	at com.kms.katalon.core.main.TestCaseMain.startTestSuite(TestCaseMain.java:157)
	at com.kms.katalon.core.main.TestCaseMain$startTestSuite$0.call(Unknown Source)
	at TempTestSuite1589297932133.run(TempTestSuite1589297932133.groovy:36)
)
	at com.kms.katalon.core.keyword.internal.KeywordMain.stepFailed(KeywordMain.groovy:50)
	at com.kms.katalon.core.keyword.internal.KeywordMain.stepFailed(KeywordMain.groovy)
	at com.kms.katalon.core.keyword.internal.KeywordMain.runKeyword(KeywordMain.groovy:70)
	at com.kms.katalon.core.keyword.builtin.VerifyMatchKeyword.verifyMatch(VerifyMatchKeyword.groovy:60)
	at com.kms.katalon.core.keyword.builtin.VerifyMatchKeyword.execute(VerifyMatchKeyword.groovy:45)
	at com.kms.katalon.core.keyword.internal.KeywordExecutor.executeKeywordForPlatform(KeywordExecutor.groovy:72)
	at com.kms.katalon.core.keyword.BuiltinKeywords.verifyMatch(BuiltinKeywords.groovy:73)
	at DropdownValidation.run(DropdownValidation:66)
	at com.kms.katalon.core.main.ScriptEngine.run(ScriptEngine.java:194)
	at com.kms.katalon.core.main.ScriptEngine.runScriptAsRawText(ScriptEngine.java:119)
	at com.kms.katalon.core.main.TestCaseExecutor.runScript(TestCaseExecutor.java:337)
	at com.kms.katalon.core.main.TestCaseExecutor.doExecute(TestCaseExecutor.java:328)
	at com.kms.katalon.core.main.TestCaseExecutor.processExecutionPhase(TestCaseExecutor.java:307)
	at com.kms.katalon.core.main.TestCaseExecutor.accessMainPhase(TestCaseExecutor.java:299)
	at com.kms.katalon.core.main.TestCaseExecutor.execute(TestCaseExecutor.java:233)
	at com.kms.katalon.core.main.TestCaseMain.runTestCase(TestCaseMain.java:114)
	at com.kms.katalon.core.keyword.builtin.CallTestCaseKeyword$_callTestCase_closure1.doCall(CallTestCaseKeyword.groovy:59)
	... 20 more
Caused by: java.lang.NullPointerException
	at com.kms.katalon.core.helper.KeywordHelper.match(KeywordHelper.java:22)
	at com.kms.katalon.core.keyword.builtin.VerifyMatchKeyword$_verifyMatch_closure1.doCall(VerifyMatchKeyword.groovy:53)
	at com.kms.katalon.core.keyword.builtin.VerifyMatchKeyword$_verifyMatch_closure1.call(VerifyMatchKeyword.groovy)
	at com.kms.katalon.core.keyword.internal.KeywordMain.runKeyword(KeywordMain.groovy:68)
	... 34 more]]></system-err>
      </testcase>
      <system-out><![CDATA[2020-05-12 23:39:44 - [TEST_SUITE][FAILED] - Page Section: Test Cases/PFI Precision and Scale/PFI Test Cases/PFI.UpdateReportsLHS FAILED.
Reason:
com.kms.katalon.core.exception.StepFailedException: Call Test Case 'Test Cases/Components/00_Precision and Scale/DatePickerValidation' failed
	at com.kms.katalon.core.keyword.builtin.CallTestCaseKeyword$_callTestCase_closure1.doCall(CallTestCaseKeyword.groovy:63)
	at com.kms.katalon.core.keyword.builtin.CallTestCaseKeyword$_callTestCase_closure1.call(CallTestCaseKeyword.groovy)
	at com.kms.katalon.core.keyword.internal.KeywordMain.runKeyword(KeywordMain.groovy:68)
	at com.kms.katalon.core.keyword.builtin.CallTestCaseKeyword.callTestCase(CallTestCaseKeyword.groovy:81)
	at com.kms.katalon.core.keyword.builtin.CallTestCaseKeyword.execute(CallTestCaseKeyword.groovy:44)
	at com.kms.katalon.core.keyword.internal.KeywordExecutor.executeKeywordForPlatform(KeywordExecutor.groovy:72)
	at com.kms.katalon.core.keyword.BuiltinKeywords.callTestCase(BuiltinKeywords.groovy:334)
	at PFI.UpdateReportsLHS.run(PFI.UpdateReportsLHS:70)
	at com.kms.katalon.core.main.ScriptEngine.run(ScriptEngine.java:194)
	at com.kms.katalon.core.main.ScriptEngine.runScriptAsRawText(ScriptEngine.java:119)
	at com.kms.katalon.core.main.TestCaseExecutor.runScript(TestCaseExecutor.java:337)
	at com.kms.katalon.core.main.TestCaseExecutor.doExecute(TestCaseExecutor.java:328)
	at com.kms.katalon.core.main.TestCaseExecutor.processExecutionPhase(TestCaseExecutor.java:307)
	at com.kms.katalon.core.main.TestCaseExecutor.accessMainPhase(TestCaseExecutor.java:299)
	at com.kms.katalon.core.main.TestCaseExecutor.execute(TestCaseExecutor.java:233)
	at com.kms.katalon.core.main.TestSuiteExecutor.accessTestCaseMainPhase(TestSuiteExecutor.java:169)
	at com.kms.katalon.core.main.TestSuiteExecutor.accessTestSuiteMainPhase(TestSuiteExecutor.java:142)
	at com.kms.katalon.core.main.TestSuiteExecutor.execute(TestSuiteExecutor.java:91)
	at com.kms.katalon.core.main.TestCaseMain.startTestSuite(TestCaseMain.java:157)
	at com.kms.katalon.core.main.TestCaseMain$startTestSuite$0.call(Unknown Source)
	at TempTestSuite1589297932133.run(TempTestSuite1589297932133.groovy:36)
Caused by: com.kms.katalon.core.exception.StepFailedException: Actual text '28/05/2020' and expected text '12/05/2020' are not matched using regular expression
	at com.kms.katalon.core.keyword.builtin.VerifyMatchKeyword$_verifyMatch_closure1.doCall(VerifyMatchKeyword.groovy:57)
	at com.kms.katalon.core.keyword.builtin.VerifyMatchKeyword$_verifyMatch_closure1.call(VerifyMatchKeyword.groovy)
	at com.kms.katalon.core.keyword.internal.KeywordMain.runKeyword(KeywordMain.groovy:68)
	at com.kms.katalon.core.keyword.builtin.VerifyMatchKeyword.verifyMatch(VerifyMatchKeyword.groovy:60)
	at com.kms.katalon.core.keyword.builtin.VerifyMatchKeyword.execute(VerifyMatchKeyword.groovy:45)
	at com.kms.katalon.core.keyword.internal.KeywordExecutor.executeKeywordForPlatform(KeywordExecutor.groovy:72)
	at com.kms.katalon.core.keyword.BuiltinKeywords.verifyMatch(BuiltinKeywords.groovy:73)
	at DatePickerValidation.run(DatePickerValidation:127)
	at com.kms.katalon.core.main.ScriptEngine.run(ScriptEngine.java:194)
	at com.kms.katalon.core.main.ScriptEngine.runScriptAsRawText(ScriptEngine.java:119)
	at com.kms.katalon.core.main.TestCaseExecutor.runScript(TestCaseExecutor.java:337)
	at com.kms.katalon.core.main.TestCaseExecutor.doExecute(TestCaseExecutor.java:328)
	at com.kms.katalon.core.main.TestCaseExecutor.processExecutionPhase(TestCaseExecutor.java:307)
	at com.kms.katalon.core.main.TestCaseExecutor.accessMainPhase(TestCaseExecutor.java:299)
	at com.kms.katalon.core.main.TestCaseExecutor.execute(TestCaseExecutor.java:233)
	at com.kms.katalon.core.main.TestCaseMain.runTestCase(TestCaseMain.java:114)
	at com.kms.katalon.core.keyword.builtin.CallTestCaseKeyword$_callTestCase_closure1.doCall(CallTestCaseKeyword.groovy:59)
	... 20 more]]></system-out>
      <system-err><![CDATA[2020-05-12 23:39:44 - [TEST_SUITE][FAILED] - Page Section: Test Cases/PFI Precision and Scale/PFI Test Cases/PFI.UpdateReportsLHS FAILED.
Reason:
com.kms.katalon.core.exception.StepFailedException: Call Test Case 'Test Cases/Components/00_Precision and Scale/DatePickerValidation' failed
	at com.kms.katalon.core.keyword.builtin.CallTestCaseKeyword$_callTestCase_closure1.doCall(CallTestCaseKeyword.groovy:63)
	at com.kms.katalon.core.keyword.builtin.CallTestCaseKeyword$_callTestCase_closure1.call(CallTestCaseKeyword.groovy)
	at com.kms.katalon.core.keyword.internal.KeywordMain.runKeyword(KeywordMain.groovy:68)
	at com.kms.katalon.core.keyword.builtin.CallTestCaseKeyword.callTestCase(CallTestCaseKeyword.groovy:81)
	at com.kms.katalon.core.keyword.builtin.CallTestCaseKeyword.execute(CallTestCaseKeyword.groovy:44)
	at com.kms.katalon.core.keyword.internal.KeywordExecutor.executeKeywordForPlatform(KeywordExecutor.groovy:72)
	at com.kms.katalon.core.keyword.BuiltinKeywords.callTestCase(BuiltinKeywords.groovy:334)
	at PFI.UpdateReportsLHS.run(PFI.UpdateReportsLHS:70)
	at com.kms.katalon.core.main.ScriptEngine.run(ScriptEngine.java:194)
	at com.kms.katalon.core.main.ScriptEngine.runScriptAsRawText(ScriptEngine.java:119)
	at com.kms.katalon.core.main.TestCaseExecutor.runScript(TestCaseExecutor.java:337)
	at com.kms.katalon.core.main.TestCaseExecutor.doExecute(TestCaseExecutor.java:328)
	at com.kms.katalon.core.main.TestCaseExecutor.processExecutionPhase(TestCaseExecutor.java:307)
	at com.kms.katalon.core.main.TestCaseExecutor.accessMainPhase(TestCaseExecutor.java:299)
	at com.kms.katalon.core.main.TestCaseExecutor.execute(TestCaseExecutor.java:233)
	at com.kms.katalon.core.main.TestSuiteExecutor.accessTestCaseMainPhase(TestSuiteExecutor.java:169)
	at com.kms.katalon.core.main.TestSuiteExecutor.accessTestSuiteMainPhase(TestSuiteExecutor.java:142)
	at com.kms.katalon.core.main.TestSuiteExecutor.execute(TestSuiteExecutor.java:91)
	at com.kms.katalon.core.main.TestCaseMain.startTestSuite(TestCaseMain.java:157)
	at com.kms.katalon.core.main.TestCaseMain$startTestSuite$0.call(Unknown Source)
	at TempTestSuite1589297932133.run(TempTestSuite1589297932133.groovy:36)
Caused by: com.kms.katalon.core.exception.StepFailedException: Actual text '28/05/2020' and expected text '12/05/2020' are not matched using regular expression
	at com.kms.katalon.core.keyword.builtin.VerifyMatchKeyword$_verifyMatch_closure1.doCall(VerifyMatchKeyword.groovy:57)
	at com.kms.katalon.core.keyword.builtin.VerifyMatchKeyword$_verifyMatch_closure1.call(VerifyMatchKeyword.groovy)
	at com.kms.katalon.core.keyword.internal.KeywordMain.runKeyword(KeywordMain.groovy:68)
	at com.kms.katalon.core.keyword.builtin.VerifyMatchKeyword.verifyMatch(VerifyMatchKeyword.groovy:60)
	at com.kms.katalon.core.keyword.builtin.VerifyMatchKeyword.execute(VerifyMatchKeyword.groovy:45)
	at com.kms.katalon.core.keyword.internal.KeywordExecutor.executeKeywordForPlatform(KeywordExecutor.groovy:72)
	at com.kms.katalon.core.keyword.BuiltinKeywords.verifyMatch(BuiltinKeywords.groovy:73)
	at DatePickerValidation.run(DatePickerValidation:127)
	at com.kms.katalon.core.main.ScriptEngine.run(ScriptEngine.java:194)
	at com.kms.katalon.core.main.ScriptEngine.runScriptAsRawText(ScriptEngine.java:119)
	at com.kms.katalon.core.main.TestCaseExecutor.runScript(TestCaseExecutor.java:337)
	at com.kms.katalon.core.main.TestCaseExecutor.doExecute(TestCaseExecutor.java:328)
	at com.kms.katalon.core.main.TestCaseExecutor.processExecutionPhase(TestCaseExecutor.java:307)
	at com.kms.katalon.core.main.TestCaseExecutor.accessMainPhase(TestCaseExecutor.java:299)
	at com.kms.katalon.core.main.TestCaseExecutor.execute(TestCaseExecutor.java:233)
	at com.kms.katalon.core.main.TestCaseMain.runTestCase(TestCaseMain.java:114)
	at com.kms.katalon.core.keyword.builtin.CallTestCaseKeyword$_callTestCase_closure1.doCall(CallTestCaseKeyword.groovy:59)
	... 20 more]]></system-err>
   </testsuite>
</testsuites>
